2022.05.09 17:54:36 INFO  tracing is disabled for protocol LSP, to enable tracing of incoming and outgoing JSON messages create an empty file at e:\functional_programming\hello-world\hello-world\.metals\lsp.trace.json or C:\Users\임호정\AppData\Local\scalameta\metals\cache\lsp.trace.json
2022.05.09 17:54:37 INFO  logging to file E:\functional_programming\hello-world\hello-world\.metals\metals.log
2022.05.09 17:54:37 INFO  Started: Metals version 0.11.5 in workspace 'E:\functional_programming\hello-world\hello-world' for client Visual Studio Code 1.67.0.
2022.05.09 17:54:39 INFO  time: initialize in 2.29s
2022.05.09 17:54:39 WARN  Flyway upgrade recommended: H2 2.1.212 is newer than this version of Flyway and support has not been tested. The latest supported version of H2 is 2.1.210.
2022.05.09 17:54:39 WARN  Build server is not auto-connectable.
2022.05.11 22:45:00 INFO  tracing is disabled for protocol LSP, to enable tracing of incoming and outgoing JSON messages create an empty file at e:\functional_programming\hello-world\hello-world\.metals\lsp.trace.json or C:\Users\임호정\AppData\Local\scalameta\metals\cache\lsp.trace.json
2022.05.11 22:45:01 INFO  logging to file E:\functional_programming\hello-world\hello-world\.metals\metals.log
2022.05.11 22:45:01 INFO  Started: Metals version 0.11.5 in workspace 'E:\functional_programming\hello-world\hello-world' for client Visual Studio Code 1.67.0.
2022.05.11 22:45:04 INFO  time: initialize in 3.23s
2022.05.11 22:45:05 WARN  Flyway upgrade recommended: H2 2.1.212 is newer than this version of Flyway and support has not been tested. The latest supported version of H2 is 2.1.210.
2022.05.11 22:45:05 WARN  Build server is not auto-connectable.
2022.05.11 22:45:05 INFO  skipping build import with status 'Requested'
2022.05.11 22:45:07 WARN  no build target for: E:\functional_programming\hello-world\hello-world\src\main\scala\Main.scala
2022.05.11 22:45:11 INFO  no build target found for E:\functional_programming\hello-world\hello-world\src\main\scala\Main.scala. Using presentation compiler with project's scala-library version: 3.1.2
2022.05.11 22:45:14 INFO  time: code lens generation in 2.7s
2022.05.11 22:45:14 INFO  time: code lens generation in 7.22s
2022.05.11 22:45:55 WARN  no build target for: E:\functional_programming\hello-world\hello-world\src\test\scala\MySuite.scala
2022.05.11 22:46:02 WARN  no build target for: E:\functional_programming\hello-world\hello-world\build.sbt
2022.05.11 22:46:03 WARN  no build target for: E:\functional_programming\hello-world\hello-world\src\test\scala\MySuite.scala
2022.05.11 22:50:04 WARN  no build target for: E:\functional_programming\hello-world\hello-world\src\test\scala\MySuite.scala
5월 11, 2022 10:50:04 오후 org.eclipse.lsp4j.jsonrpc.RemoteEndpoint fallbackResponseError
SEVERE: Internal error: scala.meta.internal.metals.debug.BuildTargetNotFoundForPathException: No build target could be found for the path: E:\functional_programming\hello-world\hello-world\src\test\scala\MySuite.scala
java.util.concurrent.CompletionException: scala.meta.internal.metals.debug.BuildTargetNotFoundForPathException: No build target could be found for the path: E:\functional_programming\hello-world\hello-world\src\test\scala\MySuite.scala
	at java.base/java.util.concurrent.CompletableFuture.encodeThrowable(CompletableFuture.java:331)
	at java.base/java.util.concurrent.CompletableFuture.uniAcceptNow(CompletableFuture.java:743)
	at java.base/java.util.concurrent.CompletableFuture.uniAcceptStage(CompletableFuture.java:731)
	at java.base/java.util.concurrent.CompletableFuture.thenAcceptAsync(CompletableFuture.java:2112)
	at scala.concurrent.java8.FuturesConvertersImpl$CF.thenAccept(FutureConvertersImpl.scala:37)
	at org.eclipse.lsp4j.jsonrpc.RemoteEndpoint.handleRequest(RemoteEndpoint.java:279)
	at org.eclipse.lsp4j.jsonrpc.RemoteEndpoint.consume(RemoteEndpoint.java:190)
	at org.eclipse.lsp4j.jsonrpc.json.StreamMessageProducer.handleMessage(StreamMessageProducer.java:194)
	at org.eclipse.lsp4j.jsonrpc.json.StreamMessageProducer.listen(StreamMessageProducer.java:94)
	at org.eclipse.lsp4j.jsonrpc.json.ConcurrentMessageProcessor.run(ConcurrentMessageProcessor.java:113)
	at java.base/java.util.concurrent.Executors$RunnableAdapter.call(Executors.java:515)
	at java.base/java.util.concurrent.FutureTask.run(FutureTask.java:264)
	at java.base/java.util.concurrent.ThreadPoolExecutor.runWorker(ThreadPoolExecutor.java:1128)
	at java.base/java.util.concurrent.ThreadPoolExecutor$Worker.run(ThreadPoolExecutor.java:628)
	at java.base/java.lang.Thread.run(Thread.java:834)
Caused by: scala.meta.internal.metals.debug.BuildTargetNotFoundForPathException: No build target could be found for the path: E:\functional_programming\hello-world\hello-world\src\test\scala\MySuite.scala
	at scala.meta.internal.metals.debug.DebugProvider.debugDiscovery(DebugProvider.scala:398)
	at scala.meta.internal.metals.MetalsLanguageServer.executeCommand(MetalsLanguageServer.scala:1853)
	at java.base/jdk.internal.reflect.NativeMethodAccessorImpl.invoke0(Native Method)
	at java.base/jdk.internal.reflect.NativeMethodAccessorImpl.invoke(NativeMethodAccessorImpl.java:62)
	at java.base/jdk.internal.reflect.DelegatingMethodAccessorImpl.invoke(DelegatingMethodAccessorImpl.java:43)
	at java.base/java.lang.reflect.Method.invoke(Method.java:566)
	at org.eclipse.lsp4j.jsonrpc.services.GenericEndpoint.lambda$null$0(GenericEndpoint.java:65)
	at org.eclipse.lsp4j.jsonrpc.services.GenericEndpoint.request(GenericEndpoint.java:120)
	at org.eclipse.lsp4j.jsonrpc.RemoteEndpoint.handleRequest(RemoteEndpoint.java:261)
	... 9 more

2022.05.11 22:52:06 INFO  running 'C:\Program Files\Java\jdk-11.0.10\bin\java -Djline.terminal=jline.UnsupportedTerminal -Dsbt.log.noformat=true -Dfile.encoding=UTF-8 -jar C:\Users\임호정\AppData\Local\Temp\metals13086403710655868536\sbt-launch.jar -Dbloop.export-jar-classifiers=sources bloopInstall'
2022.05.11 22:52:10 INFO  [info] welcome to sbt 1.6.2 (Oracle Corporation Java 11.0.10)
2022.05.11 22:52:13 INFO  [info] loading settings for project hello-world-build-build from metals.sbt ...
2022.05.11 22:52:13 INFO  [info] loading project definition from E:\functional_programming\hello-world\hello-world\project\project
5월 11, 2022 10:52:15 오후 org.eclipse.lsp4j.jsonrpc.services.GenericEndpoint notify
INFO: Unsupported notification method: $/setTrace
2022.05.11 22:52:34 INFO  [info] loading settings for project hello-world-build from metals.sbt ...
2022.05.11 22:52:34 INFO  [info] loading project definition from E:\functional_programming\hello-world\hello-world\project
2022.05.11 22:53:08 INFO  [success] Generated .bloop\hello-world-build.json
2022.05.11 22:53:09 INFO  [success] Total time: 35 s, completed 2022. 5. 11. ?삤?썑 10:53:09
2022.05.11 22:53:11 INFO  [info] loading settings for project root from build.sbt ...
2022.05.11 22:53:11 INFO  [info] set current project to hello-world (in build file:/E:/functional_programming/hello-world/hello-world/)
2022.05.11 22:53:23 INFO  user cancelled sbt bloopInstall
2022.05.11 22:53:23 INFO  time: ran 'sbt bloopInstall' in 1m16s
2022.05.11 22:54:13 INFO  running 'C:\Program Files\Java\jdk-11.0.10\bin\java -Djline.terminal=jline.UnsupportedTerminal -Dsbt.log.noformat=true -Dfile.encoding=UTF-8 -jar C:\Users\임호정\AppData\Local\Temp\metals8123946748787515592\sbt-launch.jar -Dbloop.export-jar-classifiers=sources bloopInstall'
2022.05.11 22:54:16 INFO  [info] welcome to sbt 1.6.2 (Oracle Corporation Java 11.0.10)
2022.05.11 22:54:16 INFO  [info] loading settings for project hello-world-build-build from metals.sbt ...
2022.05.11 22:54:17 INFO  [info] loading project definition from E:\functional_programming\hello-world\hello-world\project\project
2022.05.11 22:54:18 INFO  [info] loading settings for project hello-world-build from metals.sbt ...
2022.05.11 22:54:18 INFO  [info] loading project definition from E:\functional_programming\hello-world\hello-world\project
2022.05.11 22:54:21 INFO  [success] Generated .bloop\hello-world-build.json
2022.05.11 22:54:21 INFO  [success] Total time: 3 s, completed 2022. 5. 11. ?삤?썑 10:54:22
2022.05.11 22:54:21 INFO  [info] loading settings for project root from build.sbt ...
2022.05.11 22:54:21 INFO  [info] set current project to hello-world (in build file:/E:/functional_programming/hello-world/hello-world/)
2022.05.11 22:54:38 INFO  [success] Generated .bloop\root.json
2022.05.11 22:54:38 INFO  [success] Generated .bloop\root-test.json
2022.05.11 22:54:38 INFO  [success] Total time: 16 s, completed 2022. 5. 11. ?삤?썑 10:54:38
2022.05.11 22:54:38 INFO  time: ran 'sbt bloopInstall' in 24s
2022.05.11 22:54:38 INFO  Attempting to connect to the build server...
2022.05.11 22:55:21 INFO  tracing is disabled for protocol BSP, to enable tracing of incoming and outgoing JSON messages create an empty file at E:\functional_programming\hello-world\hello-world\.metals\bsp.trace.json or C:\Users\임호정\AppData\Local\scalameta\metals\cache\bsp.trace.json
2022.05.11 22:55:21 INFO  Attempting to connect to the build server...
2022.05.11 22:55:21 INFO  tracing is disabled for protocol BSP, to enable tracing of incoming and outgoing JSON messages create an empty file at E:\functional_programming\hello-world\hello-world\project\.metals\bsp.trace.json or C:\Users\임호정\AppData\Local\scalameta\metals\cache\bsp.trace.json
2022.05.11 22:55:42 ERROR Timeout waiting for 'build/initialize' response
2022.05.11 22:55:42 WARN  Retrying connection to the build server Bloop
2022.05.11 22:55:42 INFO  tracing is disabled for protocol BSP, to enable tracing of incoming and outgoing JSON messages create an empty file at E:\functional_programming\hello-world\hello-world\project\.metals\bsp.trace.json or C:\Users\임호정\AppData\Local\scalameta\metals\cache\bsp.trace.json
2022.05.11 22:56:02 ERROR Timeout waiting for 'build/initialize' response
2022.05.11 22:56:02 WARN  Retrying connection to the build server Bloop
2022.05.11 22:56:02 INFO  tracing is disabled for protocol BSP, to enable tracing of incoming and outgoing JSON messages create an empty file at E:\functional_programming\hello-world\hello-world\project\.metals\bsp.trace.json or C:\Users\임호정\AppData\Local\scalameta\metals\cache\bsp.trace.json
2022.05.11 22:56:02 INFO  time: Connected to build server in 1m24s
2022.05.11 22:56:02 INFO  Connected to Build server: Bloop v1.5.0
2022.05.11 22:56:02 INFO  time: Imported build in 0.25s
2022.05.11 22:56:27 INFO  time: indexed workspace in 24s
2022.05.11 22:56:29 INFO  compiling root (1 scala source)
2022.05.11 22:56:33 INFO  time: compiled root in 3.75s
2022.05.11 23:14:01 INFO  tracing is disabled for protocol BSP, to enable tracing of incoming and outgoing JSON messages create an empty file at E:\functional_programming\hello-world\hello-world\project\.metals\bsp.trace.json or C:\Users\임호정\AppData\Local\scalameta\metals\cache\bsp.trace.json
2022.05.11 23:14:01 INFO  tracing is disabled for protocol BSP, to enable tracing of incoming and outgoing JSON messages create an empty file at E:\functional_programming\hello-world\hello-world\project\.metals\bsp.trace.json or C:\Users\임호정\AppData\Local\scalameta\metals\cache\bsp.trace.json
2022.05.11 23:14:05 INFO  time: code lens generation in 1.21s
2022.05.11 23:14:05 INFO  time: code lens generation in 3.44s
5월 11, 2022 11:14:57 오후 org.eclipse.lsp4j.jsonrpc.RemoteEndpoint fallbackResponseError
SEVERE: Internal error: scala.meta.internal.metals.debug.DebugProvider$WorkspaceErrorsException$: Cannot run class, since the workspace has errors.
java.util.concurrent.CompletionException: scala.meta.internal.metals.debug.DebugProvider$WorkspaceErrorsException$: Cannot run class, since the workspace has errors.
	at java.base/java.util.concurrent.CompletableFuture.encodeThrowable(CompletableFuture.java:331)
	at java.base/java.util.concurrent.CompletableFuture.uniAcceptNow(CompletableFuture.java:743)
	at java.base/java.util.concurrent.CompletableFuture.uniAcceptStage(CompletableFuture.java:731)
	at java.base/java.util.concurrent.CompletableFuture.thenAcceptAsync(CompletableFuture.java:2112)
	at scala.concurrent.java8.FuturesConvertersImpl$CF.thenAccept(FutureConvertersImpl.scala:37)
	at org.eclipse.lsp4j.jsonrpc.RemoteEndpoint.handleRequest(RemoteEndpoint.java:279)
	at org.eclipse.lsp4j.jsonrpc.RemoteEndpoint.consume(RemoteEndpoint.java:190)
	at org.eclipse.lsp4j.jsonrpc.json.StreamMessageProducer.handleMessage(StreamMessageProducer.java:194)
	at org.eclipse.lsp4j.jsonrpc.json.StreamMessageProducer.listen(StreamMessageProducer.java:94)
	at org.eclipse.lsp4j.jsonrpc.json.ConcurrentMessageProcessor.run(ConcurrentMessageProcessor.java:113)
	at java.base/java.util.concurrent.Executors$RunnableAdapter.call(Executors.java:515)
	at java.base/java.util.concurrent.FutureTask.run(FutureTask.java:264)
	at java.base/java.util.concurrent.ThreadPoolExecutor.runWorker(ThreadPoolExecutor.java:1128)
	at java.base/java.util.concurrent.ThreadPoolExecutor$Worker.run(ThreadPoolExecutor.java:628)
	at java.base/java.lang.Thread.run(Thread.java:834)
Caused by: scala.meta.internal.metals.debug.DebugProvider$WorkspaceErrorsException$: Cannot run class, since the workspace has errors.
	at scala.meta.internal.metals.debug.DebugProvider$WorkspaceErrorsException$.<clinit>(DebugProvider.scala:841)
	at scala.meta.internal.metals.debug.DebugProvider.debugDiscovery(DebugProvider.scala:396)
	at scala.meta.internal.metals.MetalsLanguageServer.executeCommand(MetalsLanguageServer.scala:1853)
	at java.base/jdk.internal.reflect.NativeMethodAccessorImpl.invoke0(Native Method)
	at java.base/jdk.internal.reflect.NativeMethodAccessorImpl.invoke(NativeMethodAccessorImpl.java:62)
	at java.base/jdk.internal.reflect.DelegatingMethodAccessorImpl.invoke(DelegatingMethodAccessorImpl.java:43)
	at java.base/java.lang.reflect.Method.invoke(Method.java:566)
	at org.eclipse.lsp4j.jsonrpc.services.GenericEndpoint.lambda$null$0(GenericEndpoint.java:65)
	at org.eclipse.lsp4j.jsonrpc.services.GenericEndpoint.request(GenericEndpoint.java:120)
	at org.eclipse.lsp4j.jsonrpc.RemoteEndpoint.handleRequest(RemoteEndpoint.java:261)
	... 9 more

2022.05.11 23:14:57 INFO  tracing is disabled for protocol BSP, to enable tracing of incoming and outgoing JSON messages create an empty file at E:\functional_programming\hello-world\hello-world\.metals\bsp.trace.json or C:\Users\임호정\AppData\Local\scalameta\metals\cache\bsp.trace.json
2022.05.11 23:14:57 INFO  Connected to Build server: Bloop v1.5.0
2022.05.11 23:14:57 INFO  time: Imported build in 0.18s
2022.05.11 23:14:59 INFO  time: indexed workspace in 2.39s
2022.05.11 23:15:00 INFO  compiling root (1 scala source)
2022.05.11 23:15:02 INFO  time: compiled root in 2.74s
5월 11, 2022 11:15:19 오후 org.eclipse.lsp4j.jsonrpc.RemoteEndpoint fallbackResponseError
SEVERE: Internal error: scala.meta.internal.metals.debug.DebugProvider$WorkspaceErrorsException$: Cannot run class, since the workspace has errors.
java.util.concurrent.CompletionException: scala.meta.internal.metals.debug.DebugProvider$WorkspaceErrorsException$: Cannot run class, since the workspace has errors.
	at java.base/java.util.concurrent.CompletableFuture.encodeThrowable(CompletableFuture.java:331)
	at java.base/java.util.concurrent.CompletableFuture.uniAcceptNow(CompletableFuture.java:743)
	at java.base/java.util.concurrent.CompletableFuture.uniAcceptStage(CompletableFuture.java:731)
	at java.base/java.util.concurrent.CompletableFuture.thenAcceptAsync(CompletableFuture.java:2112)
	at scala.concurrent.java8.FuturesConvertersImpl$CF.thenAccept(FutureConvertersImpl.scala:37)
	at org.eclipse.lsp4j.jsonrpc.RemoteEndpoint.handleRequest(RemoteEndpoint.java:279)
	at org.eclipse.lsp4j.jsonrpc.RemoteEndpoint.consume(RemoteEndpoint.java:190)
	at org.eclipse.lsp4j.jsonrpc.json.StreamMessageProducer.handleMessage(StreamMessageProducer.java:194)
	at org.eclipse.lsp4j.jsonrpc.json.StreamMessageProducer.listen(StreamMessageProducer.java:94)
	at org.eclipse.lsp4j.jsonrpc.json.ConcurrentMessageProcessor.run(ConcurrentMessageProcessor.java:113)
	at java.base/java.util.concurrent.Executors$RunnableAdapter.call(Executors.java:515)
	at java.base/java.util.concurrent.FutureTask.run(FutureTask.java:264)
	at java.base/java.util.concurrent.ThreadPoolExecutor.runWorker(ThreadPoolExecutor.java:1128)
	at java.base/java.util.concurrent.ThreadPoolExecutor$Worker.run(ThreadPoolExecutor.java:628)
	at java.base/java.lang.Thread.run(Thread.java:834)
Caused by: scala.meta.internal.metals.debug.DebugProvider$WorkspaceErrorsException$: Cannot run class, since the workspace has errors.
	at scala.meta.internal.metals.debug.DebugProvider$WorkspaceErrorsException$.<clinit>(DebugProvider.scala:841)
	at scala.meta.internal.metals.debug.DebugProvider.debugDiscovery(DebugProvider.scala:396)
	at scala.meta.internal.metals.MetalsLanguageServer.executeCommand(MetalsLanguageServer.scala:1853)
	at java.base/jdk.internal.reflect.NativeMethodAccessorImpl.invoke0(Native Method)
	at java.base/jdk.internal.reflect.NativeMethodAccessorImpl.invoke(NativeMethodAccessorImpl.java:62)
	at java.base/jdk.internal.reflect.DelegatingMethodAccessorImpl.invoke(DelegatingMethodAccessorImpl.java:43)
	at java.base/java.lang.reflect.Method.invoke(Method.java:566)
	at org.eclipse.lsp4j.jsonrpc.services.GenericEndpoint.lambda$null$0(GenericEndpoint.java:65)
	at org.eclipse.lsp4j.jsonrpc.services.GenericEndpoint.request(GenericEndpoint.java:120)
	at org.eclipse.lsp4j.jsonrpc.RemoteEndpoint.handleRequest(RemoteEndpoint.java:261)
	... 9 more

2022.05.11 23:15:27 ERROR code navigation does not work for the file 'E:\functional_programming\hello-world\hello-world\src\main\scala\Main.scala' because the SemanticDB file 'E:\functional_programming\hello-world\hello-world\.bloop\root\bloop-bsp-clients-classes\classes-Metals-mbMQiI8tTTG5a7ey1gcasg==\META-INF\semanticdb\src\main\scala\Main.scala.semanticdb' doesn't exist. There can be many reasons for this error. 
5월 11, 2022 11:15:33 오후 org.eclipse.lsp4j.jsonrpc.RemoteEndpoint fallbackResponseError
SEVERE: Internal error: scala.meta.internal.metals.debug.DebugProvider$WorkspaceErrorsException$: Cannot run class, since the workspace has errors.
java.util.concurrent.CompletionException: scala.meta.internal.metals.debug.DebugProvider$WorkspaceErrorsException$: Cannot run class, since the workspace has errors.
	at java.base/java.util.concurrent.CompletableFuture.encodeThrowable(CompletableFuture.java:331)
	at java.base/java.util.concurrent.CompletableFuture.uniAcceptNow(CompletableFuture.java:743)
	at java.base/java.util.concurrent.CompletableFuture.uniAcceptStage(CompletableFuture.java:731)
	at java.base/java.util.concurrent.CompletableFuture.thenAcceptAsync(CompletableFuture.java:2112)
	at scala.concurrent.java8.FuturesConvertersImpl$CF.thenAccept(FutureConvertersImpl.scala:37)
	at org.eclipse.lsp4j.jsonrpc.RemoteEndpoint.handleRequest(RemoteEndpoint.java:279)
	at org.eclipse.lsp4j.jsonrpc.RemoteEndpoint.consume(RemoteEndpoint.java:190)
	at org.eclipse.lsp4j.jsonrpc.json.StreamMessageProducer.handleMessage(StreamMessageProducer.java:194)
	at org.eclipse.lsp4j.jsonrpc.json.StreamMessageProducer.listen(StreamMessageProducer.java:94)
	at org.eclipse.lsp4j.jsonrpc.json.ConcurrentMessageProcessor.run(ConcurrentMessageProcessor.java:113)
	at java.base/java.util.concurrent.Executors$RunnableAdapter.call(Executors.java:515)
	at java.base/java.util.concurrent.FutureTask.run(FutureTask.java:264)
	at java.base/java.util.concurrent.ThreadPoolExecutor.runWorker(ThreadPoolExecutor.java:1128)
	at java.base/java.util.concurrent.ThreadPoolExecutor$Worker.run(ThreadPoolExecutor.java:628)
	at java.base/java.lang.Thread.run(Thread.java:834)
Caused by: scala.meta.internal.metals.debug.DebugProvider$WorkspaceErrorsException$: Cannot run class, since the workspace has errors.
	at scala.meta.internal.metals.debug.DebugProvider$WorkspaceErrorsException$.<clinit>(DebugProvider.scala:841)
	at scala.meta.internal.metals.debug.DebugProvider.debugDiscovery(DebugProvider.scala:396)
	at scala.meta.internal.metals.MetalsLanguageServer.executeCommand(MetalsLanguageServer.scala:1853)
	at java.base/jdk.internal.reflect.NativeMethodAccessorImpl.invoke0(Native Method)
	at java.base/jdk.internal.reflect.NativeMethodAccessorImpl.invoke(NativeMethodAccessorImpl.java:62)
	at java.base/jdk.internal.reflect.DelegatingMethodAccessorImpl.invoke(DelegatingMethodAccessorImpl.java:43)
	at java.base/java.lang.reflect.Method.invoke(Method.java:566)
	at org.eclipse.lsp4j.jsonrpc.services.GenericEndpoint.lambda$null$0(GenericEndpoint.java:65)
	at org.eclipse.lsp4j.jsonrpc.services.GenericEndpoint.request(GenericEndpoint.java:120)
	at org.eclipse.lsp4j.jsonrpc.RemoteEndpoint.handleRequest(RemoteEndpoint.java:261)
	... 9 more

error: E:\functional_programming\hello-world\hello-world\.metals\.tmp\.metals\.tmp\Main-7604200281559170395.scala is not a file
2022.05.11 23:17:00 INFO  compiling root (1 scala source)
2022.05.11 23:17:00 INFO  time: compiled root in 0.67s
2022.05.11 23:18:02 INFO  compiling root (1 scala source)
2022.05.11 23:18:02 INFO  time: compiled root in 0.92s
2022.05.11 23:18:07 INFO  Deduplicating compilation of root from bsp client 'Metals 0.11.5' (since 3m 9.841s)
2022.05.11 23:18:07 INFO  compiling root-test (1 scala source)
2022.05.11 23:18:08 INFO  time: compiled root-test in 1.02s
2022.05.11 23:18:11 INFO  Deduplicating compilation of root from bsp client 'Metals 0.11.5' (since 3m 14.048s)
2022.05.11 23:18:13 WARN  Error downloading ch.epfl.scala:scala-expression-compiler_3.1.2:2.0.13
  not found: C:\Users\임호정\.ivy2\local\ch.epfl.scala\scala-expression-compiler_3.1.2\2.0.13\ivys\ivy.xml
  not found: https://repo1.maven.org/maven2/ch/epfl/scala/scala-expression-compiler_3.1.2/2.0.13/scala-expression-compiler_3.1.2-2.0.13.pom
2022.05.11 23:18:13 WARN  Expression evaluation will not work.
2022.05.11 23:18:13 INFO  tracing is disabled for protocol dap-server, to enable tracing of incoming and outgoing JSON messages create an empty file at E:\functional_programming\hello-world\hello-world\.metals\dap-server.trace.json or C:\Users\임호정\AppData\Local\scalameta\metals\cache\dap-server.trace.json
2022.05.11 23:18:13 INFO  tracing is disabled for protocol dap-client, to enable tracing of incoming and outgoing JSON messages create an empty file at E:\functional_programming\hello-world\hello-world\.metals\dap-client.trace.json or C:\Users\임호정\AppData\Local\scalameta\metals\cache\dap-client.trace.json
2022.05.11 23:18:13 INFO  Starting debug proxy for [Hello]
2022.05.11 23:18:16 WARN  Error downloading ch.epfl.scala:scala-expression-compiler_3.1.2:2.0.13
  not found: C:\Users\임호정\.ivy2\local\ch.epfl.scala\scala-expression-compiler_3.1.2\2.0.13\ivys\ivy.xml
  not found: https://repo1.maven.org/maven2/ch/epfl/scala/scala-expression-compiler_3.1.2/2.0.13/scala-expression-compiler_3.1.2-2.0.13.pom
2022.05.11 23:18:16 WARN  Expression evaluation will not work.
2022.05.11 23:18:16 INFO  tracing is disabled for protocol dap-server, to enable tracing of incoming and outgoing JSON messages create an empty file at E:\functional_programming\hello-world\hello-world\.metals\dap-server.trace.json or C:\Users\임호정\AppData\Local\scalameta\metals\cache\dap-server.trace.json
2022.05.11 23:18:16 INFO  tracing is disabled for protocol dap-client, to enable tracing of incoming and outgoing JSON messages create an empty file at E:\functional_programming\hello-world\hello-world\.metals\dap-client.trace.json or C:\Users\임호정\AppData\Local\scalameta\metals\cache\dap-client.trace.json
2022.05.11 23:18:16 INFO  Starting debug proxy for [Hello]
2022.05.11 23:18:16 ERROR java.nio.file.FileSystemAlreadyExistsException
2022.05.11 23:18:16 INFO  Closing debug server tcp://0.0.0.0:57817
2022.05.11 23:18:18 INFO  Canceling debug proxy for [Hello]
2022.05.11 23:18:24 INFO  Trying to attach to remote debuggee VM kubernetes.docker.internal:57827 .
2022.05.11 23:18:24 INFO  Attaching to debuggee VM succeeded.
2022.05.11 23:18:25 INFO  Canceling debug proxy for [Hello]
2022.05.11 23:18:24 INFO  Closing debug server tcp://0.0.0.0:57823
2022.05.11 23:18:36 INFO  Deduplicating compilation of root from bsp client 'Metals 0.11.5' (since 3m 39.37s)
2022.05.11 23:18:41 WARN  Error downloading ch.epfl.scala:scala-expression-compiler_3.1.2:2.0.13
  not found: C:\Users\임호정\.ivy2\local\ch.epfl.scala\scala-expression-compiler_3.1.2\2.0.13\ivys\ivy.xml
  not found: https://repo1.maven.org/maven2/ch/epfl/scala/scala-expression-compiler_3.1.2/2.0.13/scala-expression-compiler_3.1.2-2.0.13.pom
2022.05.11 23:18:41 WARN  Expression evaluation will not work.
2022.05.11 23:18:41 INFO  tracing is disabled for protocol dap-server, to enable tracing of incoming and outgoing JSON messages create an empty file at E:\functional_programming\hello-world\hello-world\.metals\dap-server.trace.json or C:\Users\임호정\AppData\Local\scalameta\metals\cache\dap-server.trace.json
2022.05.11 23:18:41 INFO  tracing is disabled for protocol dap-client, to enable tracing of incoming and outgoing JSON messages create an empty file at E:\functional_programming\hello-world\hello-world\.metals\dap-client.trace.json or C:\Users\임호정\AppData\Local\scalameta\metals\cache\dap-client.trace.json
2022.05.11 23:18:41 INFO  Starting debug proxy for [MySuite()]
2022.05.11 23:18:49 INFO  Trying to attach to remote debuggee VM kubernetes.docker.internal:57863 .
2022.05.11 23:18:49 INFO  Attaching to debuggee VM succeeded.
2022.05.11 23:18:49 INFO  Canceling debug proxy for [MySuite()]
2022.05.11 23:18:49 INFO  Closing debug server tcp://0.0.0.0:57856
2022.05.11 23:19:16 INFO  Deduplicating compilation of root from bsp client 'Metals 0.11.5' (since 4m 19.367s)
2022.05.11 23:19:21 WARN  Error downloading ch.epfl.scala:scala-expression-compiler_3.1.2:2.0.13
  not found: C:\Users\임호정\.ivy2\local\ch.epfl.scala\scala-expression-compiler_3.1.2\2.0.13\ivys\ivy.xml
  not found: https://repo1.maven.org/maven2/ch/epfl/scala/scala-expression-compiler_3.1.2/2.0.13/scala-expression-compiler_3.1.2-2.0.13.pom
2022.05.11 23:19:21 WARN  Expression evaluation will not work.
2022.05.11 23:19:21 INFO  tracing is disabled for protocol dap-server, to enable tracing of incoming and outgoing JSON messages create an empty file at E:\functional_programming\hello-world\hello-world\.metals\dap-server.trace.json or C:\Users\임호정\AppData\Local\scalameta\metals\cache\dap-server.trace.json
2022.05.11 23:19:21 INFO  tracing is disabled for protocol dap-client, to enable tracing of incoming and outgoing JSON messages create an empty file at E:\functional_programming\hello-world\hello-world\.metals\dap-client.trace.json or C:\Users\임호정\AppData\Local\scalameta\metals\cache\dap-client.trace.json
2022.05.11 23:19:21 INFO  Starting debug proxy for [Hello]
2022.05.11 23:19:26 INFO  Trying to attach to remote debuggee VM kubernetes.docker.internal:57885 .
2022.05.11 23:19:26 INFO  Attaching to debuggee VM succeeded.
2022.05.11 23:19:26 INFO  Canceling debug proxy for [Hello]
2022.05.11 23:19:26 INFO  Closing debug server tcp://0.0.0.0:57882
2022.05.11 23:19:46 INFO  Deduplicating compilation of root from bsp client 'Metals 0.11.5' (since 4m 49.543s)
2022.05.11 23:19:46 INFO  Deduplicating compilation of root-test from bsp client 'Metals 0.11.5' (since 4m 49.592s)
2022.05.11 23:19:51 WARN  Error downloading ch.epfl.scala:scala-expression-compiler_3.1.2:2.0.13
  not found: C:\Users\임호정\.ivy2\local\ch.epfl.scala\scala-expression-compiler_3.1.2\2.0.13\ivys\ivy.xml
  not found: https://repo1.maven.org/maven2/ch/epfl/scala/scala-expression-compiler_3.1.2/2.0.13/scala-expression-compiler_3.1.2-2.0.13.pom
2022.05.11 23:19:51 WARN  Expression evaluation will not work.
2022.05.11 23:19:51 INFO  tracing is disabled for protocol dap-server, to enable tracing of incoming and outgoing JSON messages create an empty file at E:\functional_programming\hello-world\hello-world\.metals\dap-server.trace.json or C:\Users\임호정\AppData\Local\scalameta\metals\cache\dap-server.trace.json
2022.05.11 23:19:51 INFO  tracing is disabled for protocol dap-client, to enable tracing of incoming and outgoing JSON messages create an empty file at E:\functional_programming\hello-world\hello-world\.metals\dap-client.trace.json or C:\Users\임호정\AppData\Local\scalameta\metals\cache\dap-client.trace.json
2022.05.11 23:19:52 INFO  Starting debug proxy for [MySuite()]
2022.05.11 23:19:54 INFO  Trying to attach to remote debuggee VM kubernetes.docker.internal:57917 .
2022.05.11 23:19:54 INFO  Attaching to debuggee VM succeeded.
2022.05.11 23:19:55 INFO  Canceling debug proxy for [MySuite()]
2022.05.11 23:19:54 INFO  Closing debug server tcp://0.0.0.0:57913
2022.05.11 23:21:58 INFO  compiling root (1 scala source)
2022.05.11 23:21:58 INFO  time: compiled root in 0.32s
2022.05.11 23:22:35 INFO  compiling root (1 scala source)
2022.05.11 23:22:35 INFO  time: compiled root in 0.1s
2022.05.11 23:22:37 INFO  compiling root (1 scala source)
2022.05.11 23:22:37 INFO  time: compiled root in 55ms
5월 11, 2022 11:22:39 오후 org.eclipse.lsp4j.jsonrpc.RemoteEndpoint handleCancellation
WARNING: Unmatched cancel notification for request id 283
2022.05.11 23:22:44 INFO  compiling root (2 scala sources)
2022.05.11 23:22:44 INFO  time: compiled root in 0.29s
2022.05.11 23:23:55 INFO  compiling root (2 scala sources)
2022.05.11 23:23:55 INFO  time: compiled root in 0.11s
2022.05.11 23:23:57 INFO  compiling root (2 scala sources)
2022.05.11 23:23:57 INFO  time: compiled root in 0.1s
2022.05.11 23:24:00 INFO  compiling root (2 scala sources)
2022.05.11 23:24:00 INFO  time: compiled root in 0.11s
2022.05.11 23:24:04 INFO  compiling root (2 scala sources)
2022.05.11 23:24:04 INFO  time: compiled root in 94ms
2022.05.11 23:24:07 INFO  compiling root (2 scala sources)
2022.05.11 23:24:07 INFO  time: compiled root in 0.47s
2022.05.11 23:24:15 INFO  compiling root (2 scala sources)
2022.05.11 23:24:15 INFO  time: compiled root in 0.11s
2022.05.11 23:24:20 INFO  compiling root (2 scala sources)
2022.05.11 23:24:20 INFO  time: compiled root in 0.41s
2022.05.11 23:24:25 INFO  compiling root (2 scala sources)
2022.05.11 23:24:25 INFO  time: compiled root in 0.38s
2022.05.11 23:24:28 INFO  compiling root (2 scala sources)
2022.05.11 23:24:28 INFO  time: compiled root in 0.47s
2022.05.11 23:24:40 INFO  compiling root (2 scala sources)
2022.05.11 23:24:40 INFO  time: compiled root in 0.36s
2022.05.11 23:24:43 INFO  compiling root (2 scala sources)
2022.05.11 23:24:43 INFO  time: compiled root in 0.29s
2022.05.11 23:24:50 INFO  compiling root (2 scala sources)
2022.05.11 23:24:50 INFO  time: compiled root in 0.3s
2022.05.11 23:24:53 INFO  compiling root (2 scala sources)
2022.05.11 23:24:53 INFO  time: compiled root in 0.47s
2022.05.11 23:24:56 INFO  compiling root (2 scala sources)
2022.05.11 23:24:56 INFO  time: compiled root in 0.42s
2022.05.11 23:24:58 INFO  compiling root (2 scala sources)
2022.05.11 23:24:58 INFO  time: compiled root in 0.29s
2022.05.11 23:25:14 INFO  compiling root (2 scala sources)
2022.05.11 23:25:14 INFO  time: compiled root in 0.28s
2022.05.11 23:25:17 INFO  compiling root (2 scala sources)
2022.05.11 23:25:17 INFO  time: compiled root in 0.33s
2022.05.11 23:25:19 INFO  compiling root (2 scala sources)
2022.05.11 23:25:19 INFO  time: compiled root in 0.29s
2022.05.11 23:25:25 INFO  compiling root (2 scala sources)
2022.05.11 23:25:25 INFO  time: compiled root in 0.27s
2022.05.11 23:25:30 INFO  compiling root (2 scala sources)
2022.05.11 23:25:30 INFO  time: compiled root in 0.27s
2022.05.11 23:25:42 INFO  compiling root (2 scala sources)
2022.05.11 23:25:42 INFO  time: compiled root in 0.26s
2022.05.11 23:25:51 INFO  compiling root (2 scala sources)
2022.05.11 23:25:51 INFO  time: compiled root in 0.25s
2022.05.11 23:26:11 INFO  compiling root (2 scala sources)
2022.05.11 23:26:11 INFO  time: compiled root in 0.28s
2022.05.11 23:26:14 INFO  compiling root (2 scala sources)
2022.05.11 23:26:14 INFO  time: compiled root in 0.1s
2022.05.11 23:27:10 INFO  compiling root (2 scala sources)
2022.05.11 23:27:10 INFO  time: compiled root in 90ms
2022.05.11 23:27:12 INFO  compiling root (2 scala sources)
2022.05.11 23:27:12 INFO  time: compiled root in 92ms
2022.05.11 23:27:17 INFO  compiling root (2 scala sources)
2022.05.11 23:27:17 INFO  time: compiled root in 0.1s
2022.05.11 23:27:33 INFO  compiling root (2 scala sources)
2022.05.11 23:27:33 INFO  time: compiled root in 0.11s
2022.05.11 23:27:41 INFO  compiling root (2 scala sources)
2022.05.11 23:27:41 INFO  time: compiled root in 0.1s
2022.05.11 23:28:32 INFO  compiling root (2 scala sources)
2022.05.11 23:28:32 INFO  time: compiled root in 0.11s
2022.05.11 23:28:35 INFO  compiling root (2 scala sources)
2022.05.11 23:28:35 INFO  time: compiled root in 0.11s
2022.05.11 23:28:37 INFO  compiling root (2 scala sources)
2022.05.11 23:28:37 INFO  time: compiled root in 77ms
2022.05.11 23:28:51 INFO  compiling root (2 scala sources)
2022.05.11 23:28:51 INFO  time: compiled root in 82ms
2022.05.11 23:28:56 INFO  compiling root (2 scala sources)
2022.05.11 23:28:56 INFO  time: compiled root in 90ms
2022.05.11 23:29:00 INFO  compiling root (2 scala sources)
2022.05.11 23:29:00 INFO  time: compiled root in 85ms
2022.05.11 23:29:02 INFO  compiling root (2 scala sources)
2022.05.11 23:29:02 INFO  time: compiled root in 80ms
2022.05.11 23:29:06 INFO  compiling root (2 scala sources)
2022.05.11 23:29:06 INFO  time: compiled root in 93ms
2022.05.11 23:29:23 INFO  compiling root (2 scala sources)
2022.05.11 23:29:23 INFO  time: compiled root in 80ms
2022.05.11 23:29:25 INFO  compiling root (2 scala sources)
2022.05.11 23:29:25 INFO  time: compiled root in 77ms
2022.05.11 23:29:29 INFO  compiling root (2 scala sources)
2022.05.11 23:29:29 INFO  time: compiled root in 98ms
2022.05.11 23:29:31 INFO  compiling root (2 scala sources)
2022.05.11 23:29:31 INFO  time: compiled root in 83ms
2022.05.11 23:32:02 INFO  compiling root (2 scala sources)
2022.05.11 23:32:02 INFO  time: compiled root in 75ms
2022.05.11 23:32:04 INFO  compiling root (2 scala sources)
2022.05.11 23:32:04 INFO  time: compiled root in 77ms
2022.05.11 23:32:07 INFO  compiling root (2 scala sources)
2022.05.11 23:32:07 INFO  time: compiled root in 61ms
2022.05.11 23:32:09 INFO  compiling root (2 scala sources)
2022.05.11 23:32:09 INFO  time: compiled root in 0.3s
2022.05.11 23:32:11 INFO  compiling root (2 scala sources)
2022.05.11 23:32:11 INFO  time: compiled root in 0.26s
2022.05.11 23:32:15 INFO  compiling root (2 scala sources)
2022.05.11 23:32:15 INFO  time: compiled root in 0.26s
2022.05.11 23:32:20 INFO  compiling root (2 scala sources)
2022.05.11 23:32:20 INFO  time: compiled root in 0.11s
2022.05.11 23:32:22 INFO  compiling root (2 scala sources)
2022.05.11 23:32:22 INFO  time: compiled root in 93ms
2022.05.11 23:32:39 INFO  compiling root (2 scala sources)
2022.05.11 23:32:39 INFO  time: compiled root in 98ms
2022.05.11 23:32:48 INFO  compiling root (2 scala sources)
2022.05.11 23:32:48 INFO  time: compiled root in 0.1s
2022.05.11 23:32:59 INFO  compiling root (2 scala sources)
2022.05.11 23:32:59 INFO  time: compiled root in 0.35s
2022.05.11 23:33:02 INFO  compiling root (2 scala sources)
2022.05.11 23:33:02 INFO  time: compiled root in 0.1s
2022.05.11 23:33:46 INFO  compiling root (2 scala sources)
2022.05.11 23:33:46 INFO  time: compiled root in 0.13s
2022.05.11 23:33:58 INFO  compiling root (2 scala sources)
2022.05.11 23:33:58 INFO  time: compiled root in 98ms
2022.05.11 23:34:01 INFO  compiling root (2 scala sources)
2022.05.11 23:34:01 INFO  time: compiled root in 0.11s
2022.05.11 23:34:04 INFO  compiling root (2 scala sources)
2022.05.11 23:34:04 INFO  time: compiled root in 0.26s
2022.05.11 23:34:07 INFO  compiling root (2 scala sources)
2022.05.11 23:34:07 INFO  time: compiled root in 91ms
2022.05.11 23:34:14 INFO  compiling root (2 scala sources)
2022.05.11 23:34:14 INFO  time: compiled root in 87ms
2022.05.11 23:34:31 INFO  compiling root (2 scala sources)
2022.05.11 23:34:31 INFO  time: compiled root in 0.12s
2022.05.11 23:34:33 INFO  compiling root (2 scala sources)
2022.05.11 23:34:33 INFO  time: compiled root in 0.11s
2022.05.11 23:34:40 INFO  compiling root (2 scala sources)
2022.05.11 23:34:40 INFO  time: compiled root in 0.26s
2022.05.11 23:34:44 INFO  compiling root (2 scala sources)
2022.05.11 23:34:44 INFO  time: compiled root in 0.26s
2022.05.11 23:34:47 INFO  compiling root (2 scala sources)
2022.05.11 23:34:47 INFO  time: compiled root in 76ms
2022.05.11 23:34:49 INFO  compiling root (2 scala sources)
2022.05.11 23:34:49 INFO  time: compiled root in 0.26s
2022.05.11 23:34:51 INFO  compiling root (2 scala sources)
2022.05.11 23:34:51 INFO  time: compiled root in 0.26s
2022.05.11 23:35:06 INFO  compiling root (2 scala sources)
2022.05.11 23:35:06 INFO  time: compiled root in 0.25s
2022.05.11 23:38:28 INFO  compiling root (2 scala sources)
2022.05.11 23:38:28 INFO  time: compiled root in 0.13s
2022.05.11 23:38:32 INFO  compiling root (2 scala sources)
2022.05.11 23:38:32 INFO  time: compiled root in 0.11s
2022.05.11 23:38:36 INFO  compiling root (2 scala sources)
2022.05.11 23:38:36 INFO  time: compiled root in 0.11s
2022.05.11 23:38:38 INFO  compiling root (2 scala sources)
2022.05.11 23:38:38 INFO  time: compiled root in 84ms
2022.05.11 23:38:40 INFO  compiling root (2 scala sources)
2022.05.11 23:38:40 INFO  time: compiled root in 94ms
2022.05.11 23:38:43 INFO  compiling root (2 scala sources)
2022.05.11 23:38:43 INFO  time: compiled root in 81ms
2022.05.11 23:39:15 INFO  compiling root (2 scala sources)
2022.05.11 23:39:15 INFO  time: compiled root in 97ms
2022.05.11 23:39:18 INFO  compiling root (2 scala sources)
2022.05.11 23:39:18 INFO  time: compiled root in 91ms
2022.05.11 23:39:20 INFO  compiling root (2 scala sources)
2022.05.11 23:39:20 INFO  time: compiled root in 96ms
2022.05.11 23:39:26 INFO  compiling root (2 scala sources)
2022.05.11 23:39:26 INFO  time: compiled root in 90ms
2022.05.11 23:40:06 INFO  compiling root (2 scala sources)
2022.05.11 23:40:06 INFO  time: compiled root in 0.1s
2022.05.11 23:40:20 INFO  compiling root (2 scala sources)
2022.05.11 23:40:20 INFO  time: compiled root in 0.28s
2022.05.11 23:40:29 INFO  compiling root (2 scala sources)
2022.05.11 23:40:29 INFO  time: compiled root in 0.25s
2022.05.11 23:40:32 INFO  compiling root (2 scala sources)
2022.05.11 23:40:32 INFO  time: compiled root in 0.22s
2022.05.11 23:40:54 INFO  compiling root (2 scala sources)
2022.05.11 23:40:54 INFO  time: compiled root in 0.33s
2022.05.11 23:40:57 INFO  compiling root (2 scala sources)
2022.05.11 23:40:57 INFO  time: compiled root in 98ms
2022.05.11 23:41:00 INFO  compiling root (2 scala sources)
2022.05.11 23:41:00 INFO  time: compiled root in 83ms
2022.05.11 23:41:06 INFO  compiling root (2 scala sources)
2022.05.11 23:41:06 INFO  time: compiled root in 95ms
2022.05.11 23:41:10 INFO  compiling root (2 scala sources)
2022.05.11 23:41:10 INFO  time: compiled root in 80ms
2022.05.11 23:41:24 INFO  compiling root (2 scala sources)
2022.05.11 23:41:24 INFO  time: compiled root in 79ms
2022.05.11 23:41:53 INFO  compiling root (2 scala sources)
2022.05.11 23:41:53 INFO  time: compiled root in 0.26s
2022.05.11 23:41:55 INFO  compiling root (2 scala sources)
2022.05.11 23:41:55 INFO  time: compiled root in 0.24s
2022.05.11 23:42:41 INFO  compiling root (2 scala sources)
2022.05.11 23:42:41 INFO  time: compiled root in 0.45s
2022.05.11 23:42:52 INFO  compiling root (1 scala source)
2022.05.11 23:42:53 WARN  Could not load snapshot text for E:\functional_programming\hello-world\hello-world\src\main\scala\exercise2-1.scala
2022.05.11 23:42:52 INFO  time: compiled root in 0.36s
2022.05.11 23:42:53 WARN  Could not load snapshot text for E:\functional_programming\hello-world\hello-world\src\main\scala\exercise2-1.scala
2022.05.11 23:42:55 INFO  compiling root (1 scala source)
2022.05.11 23:42:55 WARN  Could not load snapshot text for E:\functional_programming\hello-world\hello-world\src\main\scala\exercise2-1.scala
2022.05.11 23:42:55 INFO  time: compiled root in 0.32s
2022.05.11 23:43:01 INFO  compiling root (1 scala source)
2022.05.11 23:43:01 INFO  time: compiled root in 0.37s
2022.05.11 23:43:09 INFO  compiling root (1 scala source)
2022.05.11 23:43:09 INFO  time: compiled root in 0.35s
2022.05.11 23:43:12 INFO  compiling root (1 scala source)
2022.05.11 23:43:12 INFO  time: compiled root in 0.31s
2022.05.11 23:43:50 INFO  Deduplicating compilation of root from bsp client 'Metals 0.11.5' (since 28m 53.673s)
2022.05.11 23:43:56 WARN  Error downloading ch.epfl.scala:scala-expression-compiler_3.1.2:2.0.13
  not found: C:\Users\임호정\.ivy2\local\ch.epfl.scala\scala-expression-compiler_3.1.2\2.0.13\ivys\ivy.xml
  not found: https://repo1.maven.org/maven2/ch/epfl/scala/scala-expression-compiler_3.1.2/2.0.13/scala-expression-compiler_3.1.2-2.0.13.pom
2022.05.11 23:43:56 WARN  Expression evaluation will not work.
2022.05.11 23:43:56 INFO  tracing is disabled for protocol dap-server, to enable tracing of incoming and outgoing JSON messages create an empty file at E:\functional_programming\hello-world\hello-world\.metals\dap-server.trace.json or C:\Users\임호정\AppData\Local\scalameta\metals\cache\dap-server.trace.json
2022.05.11 23:43:56 INFO  tracing is disabled for protocol dap-client, to enable tracing of incoming and outgoing JSON messages create an empty file at E:\functional_programming\hello-world\hello-world\.metals\dap-client.trace.json or C:\Users\임호정\AppData\Local\scalameta\metals\cache\dap-client.trace.json
2022.05.11 23:43:56 INFO  Starting debug proxy for [Hello]
2022.05.11 23:43:59 INFO  Trying to attach to remote debuggee VM kubernetes.docker.internal:59695 .
2022.05.11 23:43:59 INFO  Attaching to debuggee VM succeeded.
2022.05.11 23:44:31 INFO  Deduplicating compilation of root from bsp client 'Metals 0.11.5' (since 29m 34.52s)
2022.05.11 23:44:36 WARN  Error downloading ch.epfl.scala:scala-expression-compiler_3.1.2:2.0.13
  not found: C:\Users\임호정\.ivy2\local\ch.epfl.scala\scala-expression-compiler_3.1.2\2.0.13\ivys\ivy.xml
  not found: https://repo1.maven.org/maven2/ch/epfl/scala/scala-expression-compiler_3.1.2/2.0.13/scala-expression-compiler_3.1.2-2.0.13.pom
2022.05.11 23:44:36 WARN  Expression evaluation will not work.
2022.05.11 23:44:36 INFO  tracing is disabled for protocol dap-server, to enable tracing of incoming and outgoing JSON messages create an empty file at E:\functional_programming\hello-world\hello-world\.metals\dap-server.trace.json or C:\Users\임호정\AppData\Local\scalameta\metals\cache\dap-server.trace.json
2022.05.11 23:44:36 INFO  tracing is disabled for protocol dap-client, to enable tracing of incoming and outgoing JSON messages create an empty file at E:\functional_programming\hello-world\hello-world\.metals\dap-client.trace.json or C:\Users\임호정\AppData\Local\scalameta\metals\cache\dap-client.trace.json
2022.05.11 23:44:36 INFO  Starting debug proxy for [Hello]
2022.05.11 23:44:39 INFO  Trying to attach to remote debuggee VM kubernetes.docker.internal:59733 .
2022.05.11 23:44:39 INFO  Attaching to debuggee VM succeeded.
2022.05.11 23:44:45 INFO  Canceling debug proxy for [Hello]
2022.05.11 23:44:45 INFO  Closing debug server tcp://0.0.0.0:59692
2022.05.11 23:44:45 ERROR Read data from io exception: java.net.SocketException: Socket closed
2022.05.11 23:44:49 INFO  Canceling debug proxy for [Hello]
2022.05.11 23:44:49 INFO  Closing debug server tcp://0.0.0.0:59728
2022.05.11 23:44:53 INFO  Deduplicating compilation of root from bsp client 'Metals 0.11.5' (since 29m 55.904s)
2022.05.11 23:44:57 WARN  Error downloading ch.epfl.scala:scala-expression-compiler_3.1.2:2.0.13
  not found: C:\Users\임호정\.ivy2\local\ch.epfl.scala\scala-expression-compiler_3.1.2\2.0.13\ivys\ivy.xml
  not found: https://repo1.maven.org/maven2/ch/epfl/scala/scala-expression-compiler_3.1.2/2.0.13/scala-expression-compiler_3.1.2-2.0.13.pom
2022.05.11 23:44:57 WARN  Expression evaluation will not work.
2022.05.11 23:44:57 INFO  tracing is disabled for protocol dap-server, to enable tracing of incoming and outgoing JSON messages create an empty file at E:\functional_programming\hello-world\hello-world\.metals\dap-server.trace.json or C:\Users\임호정\AppData\Local\scalameta\metals\cache\dap-server.trace.json
2022.05.11 23:44:57 INFO  tracing is disabled for protocol dap-client, to enable tracing of incoming and outgoing JSON messages create an empty file at E:\functional_programming\hello-world\hello-world\.metals\dap-client.trace.json or C:\Users\임호정\AppData\Local\scalameta\metals\cache\dap-client.trace.json
2022.05.11 23:44:58 INFO  Starting debug proxy for [Hello]
2022.05.11 23:45:01 INFO  Trying to attach to remote debuggee VM kubernetes.docker.internal:59749 .
2022.05.11 23:45:01 INFO  Attaching to debuggee VM succeeded.
2022.05.11 23:45:19 INFO  Canceling debug proxy for [Hello]
2022.05.11 23:45:19 INFO  Closing debug server tcp://0.0.0.0:59744
2022.05.11 23:47:32 INFO  compiling root (1 scala source)
2022.05.11 23:47:32 INFO  time: compiled root in 0.39s
2022.05.11 23:47:38 INFO  compiling root (1 scala source)
2022.05.11 23:47:38 INFO  time: compiled root in 0.32s
2022.05.11 23:48:06 INFO  compiling root (1 scala source)
2022.05.11 23:48:06 INFO  time: compiled root in 0.35s
2022.05.11 23:48:09 INFO  compiling root (1 scala source)
2022.05.11 23:48:09 INFO  time: compiled root in 0.32s
2022.05.11 23:49:17 INFO  compiling root (1 scala source)
2022.05.11 23:49:17 INFO  time: compiled root in 79ms
2022.05.11 23:49:18 WARN  Could not load snapshot text for E:\functional_programming\hello-world\hello-world\src\main\scala\exercise2-1.scala
2022.05.11 23:49:20 WARN  Could not load snapshot text for E:\functional_programming\hello-world\hello-world\src\main\scala\exercise2-1.scala
2022.05.11 23:49:20 WARN  Could not load snapshot text for E:\functional_programming\hello-world\hello-world\src\main\scala\exercise2-1.scala
2022.05.11 23:49:23 WARN  Could not load snapshot text for E:\functional_programming\hello-world\hello-world\src\main\scala\exercise2-1.scala
2022.05.11 23:49:24 WARN  Could not load snapshot text for E:\functional_programming\hello-world\hello-world\src\main\scala\exercise2-1.scala
2022.05.11 23:49:25 INFO  compiling root (1 scala source)
2022.05.11 23:49:25 INFO  time: compiled root in 0.12s
2022.05.11 23:49:27 WARN  Could not load snapshot text for E:\functional_programming\hello-world\hello-world\src\main\scala\exercise2-1.scala
2022.05.11 23:49:28 WARN  Could not load snapshot text for E:\functional_programming\hello-world\hello-world\src\main\scala\exercise2-1.scala
2022.05.11 23:49:28 WARN  Could not load snapshot text for E:\functional_programming\hello-world\hello-world\src\main\scala\exercise2-1.scala
2022.05.11 23:49:29 INFO  compiling root (1 scala source)
2022.05.11 23:49:29 INFO  time: compiled root in 82ms
2022.05.11 23:49:29 WARN  Could not load snapshot text for E:\functional_programming\hello-world\hello-world\src\main\scala\exercise2-1.scala
2022.05.11 23:49:31 WARN  Could not load snapshot text for E:\functional_programming\hello-world\hello-world\src\main\scala\exercise2-1.scala
2022.05.11 23:49:31 WARN  Could not load snapshot text for E:\functional_programming\hello-world\hello-world\src\main\scala\exercise2-1.scala
2022.05.11 23:49:32 WARN  Could not load snapshot text for E:\functional_programming\hello-world\hello-world\src\main\scala\exercise2-1.scala
2022.05.11 23:49:32 WARN  Could not load snapshot text for E:\functional_programming\hello-world\hello-world\src\main\scala\exercise2-1.scala
2022.05.11 23:49:33 INFO  compiling root (1 scala source)
2022.05.11 23:49:33 INFO  time: compiled root in 89ms
2022.05.11 23:49:34 WARN  Could not load snapshot text for E:\functional_programming\hello-world\hello-world\src\main\scala\exercise2-1.scala
2022.05.11 23:49:34 WARN  Could not load snapshot text for E:\functional_programming\hello-world\hello-world\src\main\scala\exercise2-1.scala
2022.05.11 23:49:35 WARN  Could not load snapshot text for E:\functional_programming\hello-world\hello-world\src\main\scala\exercise2-1.scala
2022.05.11 23:49:36 INFO  compiling root (1 scala source)
2022.05.11 23:49:36 INFO  time: compiled root in 91ms
2022.05.11 23:49:36 WARN  Could not load snapshot text for E:\functional_programming\hello-world\hello-world\src\main\scala\exercise2-1.scala
2022.05.11 23:49:38 WARN  Could not load snapshot text for E:\functional_programming\hello-world\hello-world\src\main\scala\exercise2-1.scala
2022.05.11 23:49:43 WARN  Could not load snapshot text for E:\functional_programming\hello-world\hello-world\src\main\scala\exercise2-1.scala
2022.05.11 23:49:44 WARN  Could not load snapshot text for E:\functional_programming\hello-world\hello-world\src\main\scala\exercise2-1.scala
2022.05.11 23:49:55 WARN  Could not load snapshot text for E:\functional_programming\hello-world\hello-world\src\main\scala\exercise2-1.scala
2022.05.11 23:49:57 WARN  Could not load snapshot text for E:\functional_programming\hello-world\hello-world\src\main\scala\exercise2-1.scala
2022.05.11 23:49:57 WARN  Could not load snapshot text for E:\functional_programming\hello-world\hello-world\src\main\scala\exercise2-1.scala
2022.05.11 23:49:58 WARN  Could not load snapshot text for E:\functional_programming\hello-world\hello-world\src\main\scala\exercise2-1.scala
2022.05.11 23:49:58 WARN  Could not load snapshot text for E:\functional_programming\hello-world\hello-world\src\main\scala\exercise2-1.scala
2022.05.11 23:49:58 INFO  compiling root (1 scala source)
2022.05.11 23:49:58 INFO  time: compiled root in 83ms
2022.05.11 23:50:00 WARN  Could not load snapshot text for E:\functional_programming\hello-world\hello-world\src\main\scala\exercise2-1.scala
2022.05.11 23:50:01 WARN  Could not load snapshot text for E:\functional_programming\hello-world\hello-world\src\main\scala\exercise2-1.scala
2022.05.11 23:50:01 WARN  Could not load snapshot text for E:\functional_programming\hello-world\hello-world\src\main\scala\exercise2-1.scala
2022.05.11 23:50:02 INFO  compiling root (1 scala source)
2022.05.11 23:50:02 INFO  time: compiled root in 83ms
2022.05.11 23:50:02 WARN  Could not load snapshot text for E:\functional_programming\hello-world\hello-world\src\main\scala\exercise2-1.scala
2022.05.11 23:50:04 INFO  compiling root (1 scala source)
2022.05.11 23:50:04 WARN  Could not load snapshot text for E:\functional_programming\hello-world\hello-world\src\main\scala\exercise2-1.scala
2022.05.11 23:50:04 INFO  time: compiled root in 0.34s
2022.05.11 23:54:21 INFO  compiling root (1 scala source)
2022.05.11 23:54:21 INFO  time: compiled root in 96ms
2022.05.11 23:54:24 INFO  compiling root (1 scala source)
2022.05.11 23:54:24 INFO  time: compiled root in 80ms
2022.05.11 23:54:31 INFO  compiling root (1 scala source)
2022.05.11 23:54:31 INFO  time: compiled root in 92ms
2022.05.11 23:54:33 INFO  compiling root (1 scala source)
2022.05.11 23:54:33 INFO  time: compiled root in 84ms
2022.05.11 23:55:02 INFO  compiling root (1 scala source)
2022.05.11 23:55:02 INFO  time: compiled root in 0.12s
2022.05.11 23:55:28 INFO  compiling root (1 scala source)
2022.05.11 23:55:28 INFO  time: compiled root in 0.1s
2022.05.11 23:55:32 INFO  compiling root (1 scala source)
2022.05.11 23:55:32 INFO  time: compiled root in 92ms
2022.05.11 23:55:41 INFO  compiling root (1 scala source)
2022.05.11 23:55:41 INFO  time: compiled root in 91ms
2022.05.11 23:55:44 INFO  compiling root (1 scala source)
2022.05.11 23:55:44 INFO  time: compiled root in 0.1s
2022.05.11 23:55:47 INFO  compiling root (1 scala source)
2022.05.11 23:55:47 INFO  time: compiled root in 84ms
2022.05.11 23:56:13 INFO  compiling root (1 scala source)
2022.05.11 23:56:13 INFO  time: compiled root in 0.1s
2022.05.11 23:56:25 INFO  compiling root (1 scala source)
2022.05.11 23:56:25 INFO  time: compiled root in 0.1s
2022.05.11 23:57:13 INFO  compiling root (1 scala source)
2022.05.11 23:57:13 INFO  time: compiled root in 91ms
2022.05.11 23:57:16 INFO  compiling root (1 scala source)
2022.05.11 23:57:16 INFO  time: compiled root in 95ms
2022.05.11 23:57:21 INFO  compiling root (1 scala source)
2022.05.11 23:57:21 INFO  time: compiled root in 0.12s
2022.05.11 23:57:25 INFO  compiling root (1 scala source)
2022.05.11 23:57:25 INFO  time: compiled root in 0.1s
2022.05.11 23:57:28 INFO  compiling root (1 scala source)
2022.05.11 23:57:28 INFO  time: compiled root in 74ms
2022.05.11 23:57:35 INFO  compiling root (1 scala source)
2022.05.11 23:57:35 INFO  time: compiled root in 0.32s
2022.05.11 23:57:44 INFO  compiling root (1 scala source)
2022.05.11 23:57:44 INFO  time: compiled root in 88ms
2022.05.11 23:57:48 INFO  compiling root (1 scala source)
2022.05.11 23:57:48 INFO  time: compiled root in 0.26s
2022.05.11 23:57:51 INFO  compiling root (1 scala source)
2022.05.11 23:57:51 INFO  time: compiled root in 94ms
2022.05.11 23:58:01 INFO  compiling root (1 scala source)
2022.05.11 23:58:01 INFO  time: compiled root in 80ms
2022.05.11 23:58:04 INFO  compiling root (1 scala source)
2022.05.11 23:58:04 INFO  time: compiled root in 66ms
2022.05.11 23:58:23 INFO  compiling root (1 scala source)
2022.05.11 23:58:23 INFO  time: compiled root in 74ms
2022.05.11 23:58:26 INFO  compiling root (1 scala source)
2022.05.11 23:58:26 INFO  time: compiled root in 0.33s
2022.05.11 23:58:43 INFO  compiling root (1 scala source)
2022.05.11 23:58:43 INFO  time: compiled root in 0.31s
2022.05.11 23:58:46 INFO  compiling root (1 scala source)
2022.05.11 23:58:46 INFO  time: compiled root in 0.32s
2022.05.11 23:59:08 INFO  compiling root (1 scala source)
2022.05.11 23:59:08 INFO  time: compiled root in 91ms
2022.05.11 23:59:13 INFO  compiling root (1 scala source)
2022.05.11 23:59:13 INFO  time: compiled root in 92ms
2022.05.11 23:59:21 INFO  compiling root (1 scala source)
2022.05.11 23:59:21 INFO  time: compiled root in 76ms
2022.05.11 23:59:30 INFO  compiling root (1 scala source)
2022.05.11 23:59:30 INFO  time: compiled root in 84ms
2022.05.11 23:59:33 INFO  compiling root (1 scala source)
2022.05.11 23:59:33 INFO  time: compiled root in 0.34s
2022.05.11 23:59:58 INFO  compiling root (1 scala source)
2022.05.11 23:59:58 INFO  time: compiled root in 0.31s
2022.05.12 00:00:45 INFO  compiling root (1 scala source)
2022.05.12 00:00:45 INFO  time: compiled root in 0.33s
2022.05.12 00:00:48 INFO  Deduplicating compilation of root from bsp client 'Metals 0.11.5' (since 45m 51.271s)
2022.05.12 00:00:53 WARN  Error downloading ch.epfl.scala:scala-expression-compiler_3.1.2:2.0.13
  not found: C:\Users\임호정\.ivy2\local\ch.epfl.scala\scala-expression-compiler_3.1.2\2.0.13\ivys\ivy.xml
  not found: https://repo1.maven.org/maven2/ch/epfl/scala/scala-expression-compiler_3.1.2/2.0.13/scala-expression-compiler_3.1.2-2.0.13.pom
2022.05.12 00:00:53 WARN  Expression evaluation will not work.
2022.05.12 00:00:53 INFO  tracing is disabled for protocol dap-server, to enable tracing of incoming and outgoing JSON messages create an empty file at E:\functional_programming\hello-world\hello-world\.metals\dap-server.trace.json or C:\Users\임호정\AppData\Local\scalameta\metals\cache\dap-server.trace.json
2022.05.12 00:00:53 INFO  tracing is disabled for protocol dap-client, to enable tracing of incoming and outgoing JSON messages create an empty file at E:\functional_programming\hello-world\hello-world\.metals\dap-client.trace.json or C:\Users\임호정\AppData\Local\scalameta\metals\cache\dap-client.trace.json
2022.05.12 00:00:53 INFO  Starting debug proxy for [Hello]
2022.05.12 00:00:57 INFO  Trying to attach to remote debuggee VM kubernetes.docker.internal:60627 .
2022.05.12 00:00:57 INFO  Attaching to debuggee VM succeeded.
2022.05.12 00:00:57 INFO  Canceling debug proxy for [Hello]
2022.05.12 00:00:57 INFO  Closing debug server tcp://0.0.0.0:60621
2022.05.12 00:01:05 INFO  compiling root (1 scala source)
2022.05.12 00:01:05 INFO  time: compiled root in 0.38s
2022.05.12 00:01:08 INFO  compiling root (1 scala source)
2022.05.12 00:01:08 INFO  time: compiled root in 0.15s
2022.05.12 00:01:16 INFO  compiling root (1 scala source)
2022.05.12 00:01:16 INFO  time: compiled root in 0.68s
2022.05.12 00:01:50 INFO  compiling root (1 scala source)
2022.05.12 00:01:50 INFO  time: compiled root in 0.33s
2022.05.12 00:02:03 INFO  compiling root (1 scala source)
2022.05.12 00:02:03 INFO  time: compiled root in 0.34s
2022.05.12 00:02:07 INFO  compiling root (1 scala source)
2022.05.12 00:02:07 INFO  time: compiled root in 87ms
2022.05.12 00:02:12 INFO  compiling root (1 scala source)
2022.05.12 00:02:12 INFO  time: compiled root in 87ms
2022.05.12 00:02:17 INFO  compiling root (1 scala source)
2022.05.12 00:02:17 INFO  time: compiled root in 0.38s
2022.05.12 00:02:20 INFO  compiling root (1 scala source)
2022.05.12 00:02:20 INFO  time: compiled root in 0.32s
2022.05.12 00:02:23 INFO  compiling root (1 scala source)
2022.05.12 00:02:23 INFO  time: compiled root in 0.32s
2022.05.12 00:02:41 INFO  compiling root (1 scala source)
2022.05.12 00:02:41 INFO  time: compiled root in 76ms
2022.05.12 00:03:20 INFO  compiling root (1 scala source)
2022.05.12 00:03:20 INFO  time: compiled root in 0.11s
2022.05.12 00:03:23 INFO  compiling root (1 scala source)
2022.05.12 00:03:23 INFO  time: compiled root in 79ms
2022.05.12 00:03:30 INFO  compiling root (1 scala source)
2022.05.12 00:03:30 INFO  time: compiled root in 0.1s
2022.05.12 00:03:36 INFO  compiling root (1 scala source)
2022.05.12 00:03:36 INFO  time: compiled root in 0.34s
2022.05.12 00:03:39 INFO  compiling root (1 scala source)
2022.05.12 00:03:39 INFO  time: compiled root in 0.3s
2022.05.12 00:03:42 INFO  compiling root (1 scala source)
2022.05.12 00:03:42 INFO  time: compiled root in 0.29s
2022.05.12 00:03:45 INFO  compiling root (1 scala source)
2022.05.12 00:03:45 WARN  Could not load snapshot text for E:\functional_programming\hello-world\hello-world\src\main\scala\Main.scala
2022.05.12 00:03:45 INFO  time: compiled root in 0.34s
2022.05.12 00:03:47 INFO  compiling root (1 scala source)
2022.05.12 00:03:47 INFO  time: compiled root in 75ms
2022.05.12 00:04:16 INFO  compiling root (1 scala source)
2022.05.12 00:04:16 INFO  time: compiled root in 0.42s
2022.05.12 00:04:18 INFO  compiling root (1 scala source)
2022.05.12 00:04:18 INFO  time: compiled root in 0.12s
2022.05.12 00:04:21 WARN  Could not load snapshot text for E:\functional_programming\hello-world\hello-world\src\main\scala\Main.scala
2022.05.12 00:04:21 WARN  Could not load snapshot text for E:\functional_programming\hello-world\hello-world\src\main\scala\Main.scala
2022.05.12 00:04:22 WARN  Could not load snapshot text for E:\functional_programming\hello-world\hello-world\src\main\scala\Main.scala
2022.05.12 00:04:22 WARN  Could not load snapshot text for E:\functional_programming\hello-world\hello-world\src\main\scala\Main.scala
2022.05.12 00:04:23 INFO  compiling root (1 scala source)
2022.05.12 00:04:23 INFO  time: compiled root in 0.34s
2022.05.12 00:04:25 WARN  Could not load snapshot text for E:\functional_programming\hello-world\hello-world\src\main\scala\Main.scala
2022.05.12 00:04:25 INFO  compiling root (1 scala source)
2022.05.12 00:04:26 WARN  Could not load snapshot text for E:\functional_programming\hello-world\hello-world\src\main\scala\Main.scala
2022.05.12 00:04:25 INFO  time: compiled root in 0.23s
2022.05.12 00:04:27 WARN  Could not load snapshot text for E:\functional_programming\hello-world\hello-world\src\main\scala\Main.scala
2022.05.12 00:04:29 WARN  Could not load snapshot text for E:\functional_programming\hello-world\hello-world\src\main\scala\Main.scala
2022.05.12 00:04:30 INFO  compiling root (1 scala source)
2022.05.12 00:04:30 WARN  Could not load snapshot text for E:\functional_programming\hello-world\hello-world\src\main\scala\Main.scala
2022.05.12 00:04:30 INFO  time: compiled root in 0.26s
2022.05.12 00:04:32 INFO  compiling root (1 scala source)
2022.05.12 00:04:32 WARN  Could not load snapshot text for E:\functional_programming\hello-world\hello-world\src\main\scala\Main.scala
2022.05.12 00:04:32 INFO  time: compiled root in 0.23s
2022.05.12 00:04:32 WARN  Could not load snapshot text for E:\functional_programming\hello-world\hello-world\src\main\scala\Main.scala
2022.05.12 00:04:32 WARN  Could not load snapshot text for E:\functional_programming\hello-world\hello-world\src\main\scala\Main.scala
2022.05.12 00:04:32 WARN  Could not load snapshot text for E:\functional_programming\hello-world\hello-world\src\main\scala\Main.scala
2022.05.12 00:04:34 WARN  Could not load snapshot text for E:\functional_programming\hello-world\hello-world\src\main\scala\Main.scala
2022.05.12 00:04:35 WARN  Could not load snapshot text for E:\functional_programming\hello-world\hello-world\src\main\scala\Main.scala
2022.05.12 00:04:35 INFO  compiling root (1 scala source)
2022.05.12 00:04:35 INFO  time: compiled root in 0.13s
2022.05.12 00:04:36 WARN  Could not load snapshot text for E:\functional_programming\hello-world\hello-world\src\main\scala\Main.scala
2022.05.12 00:04:37 WARN  Could not load snapshot text for E:\functional_programming\hello-world\hello-world\src\main\scala\Main.scala
2022.05.12 00:04:37 WARN  Could not load snapshot text for E:\functional_programming\hello-world\hello-world\src\main\scala\Main.scala
2022.05.12 00:04:38 WARN  Could not load snapshot text for E:\functional_programming\hello-world\hello-world\src\main\scala\Main.scala
2022.05.12 00:04:38 INFO  compiling root (1 scala source)
2022.05.12 00:04:38 INFO  time: compiled root in 0.11s
2022.05.12 00:04:39 WARN  Could not load snapshot text for E:\functional_programming\hello-world\hello-world\src\main\scala\Main.scala
2022.05.12 00:04:39 WARN  Could not load snapshot text for E:\functional_programming\hello-world\hello-world\src\main\scala\Main.scala
2022.05.12 00:04:39 WARN  Could not load snapshot text for E:\functional_programming\hello-world\hello-world\src\main\scala\Main.scala
2022.05.12 00:04:41 INFO  compiling root (1 scala source)
2022.05.12 00:04:41 INFO  time: compiled root in 0.13s
2022.05.12 00:04:41 WARN  Could not load snapshot text for E:\functional_programming\hello-world\hello-world\src\main\scala\Main.scala
2022.05.12 00:04:42 WARN  Could not load snapshot text for E:\functional_programming\hello-world\hello-world\src\main\scala\Main.scala
2022.05.12 00:04:43 INFO  compiling root (1 scala source)
2022.05.12 00:04:43 INFO  time: compiled root in 0.13s
2022.05.12 00:04:43 WARN  Could not load snapshot text for E:\functional_programming\hello-world\hello-world\src\main\scala\Main.scala
2022.05.12 00:04:43 WARN  Could not load snapshot text for E:\functional_programming\hello-world\hello-world\src\main\scala\Main.scala
2022.05.12 00:04:44 WARN  Could not load snapshot text for E:\functional_programming\hello-world\hello-world\src\main\scala\Main.scala
2022.05.12 00:04:45 INFO  compiling root (1 scala source)
2022.05.12 00:04:45 INFO  time: compiled root in 0.12s
2022.05.12 00:04:45 WARN  Could not load snapshot text for E:\functional_programming\hello-world\hello-world\src\main\scala\Main.scala
2022.05.12 00:04:46 WARN  Could not load snapshot text for E:\functional_programming\hello-world\hello-world\src\main\scala\Main.scala
2022.05.12 00:04:47 WARN  Could not load snapshot text for E:\functional_programming\hello-world\hello-world\src\main\scala\Main.scala
2022.05.12 00:04:48 INFO  compiling root (1 scala source)
2022.05.12 00:04:48 INFO  time: compiled root in 0.14s
2022.05.12 00:04:48 WARN  Could not load snapshot text for E:\functional_programming\hello-world\hello-world\src\main\scala\Main.scala
2022.05.12 00:04:49 WARN  Could not load snapshot text for E:\functional_programming\hello-world\hello-world\src\main\scala\Main.scala
2022.05.12 00:04:50 WARN  Could not load snapshot text for E:\functional_programming\hello-world\hello-world\src\main\scala\Main.scala
2022.05.12 00:04:50 INFO  compiling root (1 scala source)
2022.05.12 00:04:50 INFO  time: compiled root in 0.23s
2022.05.12 00:04:52 WARN  Could not load snapshot text for E:\functional_programming\hello-world\hello-world\src\main\scala\Main.scala
2022.05.12 00:04:53 INFO  compiling root (1 scala source)
2022.05.12 00:04:53 WARN  Could not load snapshot text for E:\functional_programming\hello-world\hello-world\src\main\scala\Main.scala
2022.05.12 00:04:53 INFO  time: compiled root in 0.25s
2022.05.12 00:04:54 WARN  Could not load snapshot text for E:\functional_programming\hello-world\hello-world\src\main\scala\Main.scala
2022.05.12 00:04:55 WARN  Could not load snapshot text for E:\functional_programming\hello-world\hello-world\src\main\scala\Main.scala
2022.05.12 00:04:55 INFO  compiling root (1 scala source)
2022.05.12 00:04:55 WARN  Could not load snapshot text for E:\functional_programming\hello-world\hello-world\src\main\scala\Main.scala
2022.05.12 00:04:55 INFO  time: compiled root in 0.26s
2022.05.12 00:04:57 INFO  compiling root (1 scala source)
2022.05.12 00:04:58 WARN  Could not load snapshot text for E:\functional_programming\hello-world\hello-world\src\main\scala\Main.scala
2022.05.12 00:04:58 WARN  Could not load snapshot text for E:\functional_programming\hello-world\hello-world\src\main\scala\Main.scala
2022.05.12 00:04:57 INFO  time: compiled root in 0.32s
2022.05.12 00:04:59 WARN  Could not load snapshot text for E:\functional_programming\hello-world\hello-world\src\main\scala\Main.scala
2022.05.12 00:04:59 WARN  Could not load snapshot text for E:\functional_programming\hello-world\hello-world\src\main\scala\Main.scala
2022.05.12 00:05:00 INFO  compiling root (1 scala source)
2022.05.12 00:05:00 WARN  Could not load snapshot text for E:\functional_programming\hello-world\hello-world\src\main\scala\Main.scala
2022.05.12 00:05:00 INFO  time: compiled root in 0.23s
2022.05.12 00:05:03 WARN  Could not load snapshot text for E:\functional_programming\hello-world\hello-world\src\main\scala\Main.scala
2022.05.12 00:05:03 WARN  Could not load snapshot text for E:\functional_programming\hello-world\hello-world\src\main\scala\Main.scala
2022.05.12 00:05:05 WARN  Could not load snapshot text for E:\functional_programming\hello-world\hello-world\src\main\scala\Main.scala
2022.05.12 00:05:05 WARN  Could not load snapshot text for E:\functional_programming\hello-world\hello-world\src\main\scala\Main.scala
2022.05.12 00:05:06 INFO  compiling root (1 scala source)
2022.05.12 00:05:06 INFO  time: compiled root in 0.24s
2022.05.12 00:05:07 WARN  Could not load snapshot text for E:\functional_programming\hello-world\hello-world\src\main\scala\Main.scala
2022.05.12 00:05:08 INFO  compiling root (1 scala source)
2022.05.12 00:05:08 WARN  Could not load snapshot text for E:\functional_programming\hello-world\hello-world\src\main\scala\Main.scala
2022.05.12 00:05:08 INFO  time: compiled root in 0.23s
2022.05.12 00:05:11 WARN  Could not load snapshot text for E:\functional_programming\hello-world\hello-world\src\main\scala\Main.scala
2022.05.12 00:05:11 WARN  Could not load snapshot text for E:\functional_programming\hello-world\hello-world\src\main\scala\Main.scala
2022.05.12 00:05:16 WARN  Could not load snapshot text for E:\functional_programming\hello-world\hello-world\src\main\scala\Main.scala
2022.05.12 00:05:20 WARN  Could not load snapshot text for E:\functional_programming\hello-world\hello-world\src\main\scala\Main.scala
2022.05.12 00:05:21 WARN  Could not load snapshot text for E:\functional_programming\hello-world\hello-world\src\main\scala\Main.scala
2022.05.12 00:05:21 WARN  Could not load snapshot text for E:\functional_programming\hello-world\hello-world\src\main\scala\Main.scala
2022.05.12 00:05:23 WARN  Could not load snapshot text for E:\functional_programming\hello-world\hello-world\src\main\scala\Main.scala
2022.05.12 00:05:25 WARN  Could not load snapshot text for E:\functional_programming\hello-world\hello-world\src\main\scala\Main.scala
2022.05.12 00:05:26 INFO  compiling root (1 scala source)
2022.05.12 00:05:26 INFO  time: compiled root in 0.24s
2022.05.12 00:05:27 WARN  Could not load snapshot text for E:\functional_programming\hello-world\hello-world\src\main\scala\Main.scala
2022.05.12 00:05:28 WARN  Could not load snapshot text for E:\functional_programming\hello-world\hello-world\src\main\scala\Main.scala
2022.05.12 00:05:27 WARN  Could not load snapshot text for E:\functional_programming\hello-world\hello-world\src\main\scala\Main.scala
2022.05.12 00:05:27 WARN  Could not load snapshot text for E:\functional_programming\hello-world\hello-world\src\main\scala\Main.scala
2022.05.12 00:05:28 WARN  Could not load snapshot text for E:\functional_programming\hello-world\hello-world\src\main\scala\Main.scala
2022.05.12 00:05:28 WARN  Could not load snapshot text for E:\functional_programming\hello-world\hello-world\src\main\scala\Main.scala
2022.05.12 00:05:28 WARN  Could not load snapshot text for E:\functional_programming\hello-world\hello-world\src\main\scala\Main.scala
2022.05.12 00:05:28 INFO  compiling root (1 scala source)
2022.05.12 00:05:28 INFO  time: compiled root in 0.23s
2022.05.12 00:05:30 WARN  Could not load snapshot text for E:\functional_programming\hello-world\hello-world\src\main\scala\Main.scala
2022.05.12 00:05:30 WARN  Could not load snapshot text for E:\functional_programming\hello-world\hello-world\src\main\scala\Main.scala
2022.05.12 00:05:31 WARN  Could not load snapshot text for E:\functional_programming\hello-world\hello-world\src\main\scala\Main.scala
2022.05.12 00:05:33 WARN  Could not load snapshot text for E:\functional_programming\hello-world\hello-world\src\main\scala\Main.scala
2022.05.12 00:05:33 INFO  compiling root (1 scala source)
2022.05.12 00:05:33 INFO  time: compiled root in 0.14s
2022.05.12 00:05:36 WARN  Could not load snapshot text for E:\functional_programming\hello-world\hello-world\src\main\scala\Main.scala
2022.05.12 00:05:38 WARN  Could not load snapshot text for E:\functional_programming\hello-world\hello-world\src\main\scala\Main.scala
2022.05.12 00:05:38 WARN  Could not load snapshot text for E:\functional_programming\hello-world\hello-world\src\main\scala\Main.scala
2022.05.12 00:06:18 WARN  Could not load snapshot text for E:\functional_programming\hello-world\hello-world\src\main\scala\Main.scala
2022.05.12 00:06:18 WARN  Could not load snapshot text for E:\functional_programming\hello-world\hello-world\src\main\scala\Main.scala
2022.05.12 00:06:22 WARN  Could not load snapshot text for E:\functional_programming\hello-world\hello-world\src\main\scala\Main.scala
2022.05.12 00:06:23 WARN  Could not load snapshot text for E:\functional_programming\hello-world\hello-world\src\main\scala\Main.scala
2022.05.12 00:06:24 INFO  compiling root (1 scala source)
2022.05.12 00:06:24 INFO  time: compiled root in 0.36s
2022.05.12 00:06:34 INFO  compiling root (1 scala source)
2022.05.12 00:06:34 INFO  time: compiled root in 0.38s
2022.05.12 00:06:37 INFO  Deduplicating compilation of root from bsp client 'Metals 0.11.5' (since 51m 40.321s)
2022.05.12 00:06:42 WARN  Error downloading ch.epfl.scala:scala-expression-compiler_3.1.2:2.0.13
  not found: C:\Users\임호정\.ivy2\local\ch.epfl.scala\scala-expression-compiler_3.1.2\2.0.13\ivys\ivy.xml
  not found: https://repo1.maven.org/maven2/ch/epfl/scala/scala-expression-compiler_3.1.2/2.0.13/scala-expression-compiler_3.1.2-2.0.13.pom
2022.05.12 00:06:42 WARN  Expression evaluation will not work.
2022.05.12 00:06:42 INFO  tracing is disabled for protocol dap-server, to enable tracing of incoming and outgoing JSON messages create an empty file at E:\functional_programming\hello-world\hello-world\.metals\dap-server.trace.json or C:\Users\임호정\AppData\Local\scalameta\metals\cache\dap-server.trace.json
2022.05.12 00:06:42 INFO  tracing is disabled for protocol dap-client, to enable tracing of incoming and outgoing JSON messages create an empty file at E:\functional_programming\hello-world\hello-world\.metals\dap-client.trace.json or C:\Users\임호정\AppData\Local\scalameta\metals\cache\dap-client.trace.json
2022.05.12 00:06:43 INFO  Starting debug proxy for [Hello]
2022.05.12 00:06:47 INFO  Trying to attach to remote debuggee VM kubernetes.docker.internal:57303 .
2022.05.12 00:06:47 INFO  Attaching to debuggee VM succeeded.
2022.05.12 00:06:56 INFO  Canceling debug proxy for [Hello]
2022.05.12 00:06:56 INFO  Closing debug server tcp://0.0.0.0:57296
2022.05.12 00:07:27 INFO  compiling root (1 scala source)
2022.05.12 00:07:27 INFO  time: compiled root in 0.39s
2022.05.12 00:07:30 INFO  compiling root (1 scala source)
2022.05.12 00:07:30 INFO  time: compiled root in 0.39s
2022.05.12 00:07:33 INFO  compiling root (1 scala source)
2022.05.12 00:07:33 INFO  time: compiled root in 0.68s
2022.05.12 00:07:36 INFO  compiling root (1 scala source)
2022.05.12 00:07:36 INFO  time: compiled root in 0.39s
2022.05.12 00:07:38 INFO  compiling root (1 scala source)
2022.05.12 00:07:39 WARN  Could not load snapshot text for E:\functional_programming\hello-world\hello-world\src\main\scala\Main.scala
2022.05.12 00:07:38 INFO  time: compiled root in 0.37s
2022.05.12 00:07:47 WARN  Error downloading ch.epfl.scala:scala-expression-compiler_3.1.2:2.0.13
  not found: C:\Users\임호정\.ivy2\local\ch.epfl.scala\scala-expression-compiler_3.1.2\2.0.13\ivys\ivy.xml
  not found: https://repo1.maven.org/maven2/ch/epfl/scala/scala-expression-compiler_3.1.2/2.0.13/scala-expression-compiler_3.1.2-2.0.13.pom
2022.05.12 00:07:47 WARN  Expression evaluation will not work.
2022.05.12 00:07:47 INFO  tracing is disabled for protocol dap-server, to enable tracing of incoming and outgoing JSON messages create an empty file at E:\functional_programming\hello-world\hello-world\.metals\dap-server.trace.json or C:\Users\임호정\AppData\Local\scalameta\metals\cache\dap-server.trace.json
2022.05.12 00:07:47 INFO  tracing is disabled for protocol dap-client, to enable tracing of incoming and outgoing JSON messages create an empty file at E:\functional_programming\hello-world\hello-world\.metals\dap-client.trace.json or C:\Users\임호정\AppData\Local\scalameta\metals\cache\dap-client.trace.json
2022.05.12 00:07:47 INFO  Starting debug proxy for [Hello]
2022.05.12 00:07:51 INFO  Trying to attach to remote debuggee VM kubernetes.docker.internal:57392 .
2022.05.12 00:07:51 INFO  Attaching to debuggee VM succeeded.
2022.05.12 00:08:01 INFO  Canceling debug proxy for [Hello]
2022.05.12 00:08:01 INFO  Closing debug server tcp://0.0.0.0:57387
2022.05.12 00:08:11 INFO  compiling root (1 scala source)
2022.05.12 00:08:11 INFO  time: compiled root in 0.35s
2022.05.12 00:08:14 INFO  Deduplicating compilation of root from bsp client 'Metals 0.11.5' (since 53m 17.024s)
2022.05.12 00:08:33 INFO  Deduplicating compilation of root from bsp client 'Metals 0.11.5' (since 53m 36.211s)
2022.05.12 00:08:38 WARN  Error downloading ch.epfl.scala:scala-expression-compiler_3.1.2:2.0.13
  not found: C:\Users\임호정\.ivy2\local\ch.epfl.scala\scala-expression-compiler_3.1.2\2.0.13\ivys\ivy.xml
  not found: https://repo1.maven.org/maven2/ch/epfl/scala/scala-expression-compiler_3.1.2/2.0.13/scala-expression-compiler_3.1.2-2.0.13.pom
2022.05.12 00:08:38 WARN  Expression evaluation will not work.
2022.05.12 00:08:38 INFO  tracing is disabled for protocol dap-server, to enable tracing of incoming and outgoing JSON messages create an empty file at E:\functional_programming\hello-world\hello-world\.metals\dap-server.trace.json or C:\Users\임호정\AppData\Local\scalameta\metals\cache\dap-server.trace.json
2022.05.12 00:08:38 INFO  tracing is disabled for protocol dap-client, to enable tracing of incoming and outgoing JSON messages create an empty file at E:\functional_programming\hello-world\hello-world\.metals\dap-client.trace.json or C:\Users\임호정\AppData\Local\scalameta\metals\cache\dap-client.trace.json
2022.05.12 00:08:38 INFO  Starting debug proxy for [Hello]
2022.05.12 00:08:38 INFO  Deduplicating compilation of root from bsp client 'Metals 0.11.5' (since 53m 41.586s)
2022.05.12 00:08:41 INFO  Trying to attach to remote debuggee VM kubernetes.docker.internal:57503 .
2022.05.12 00:08:41 INFO  Attaching to debuggee VM succeeded.
2022.05.12 00:08:43 WARN  Error downloading ch.epfl.scala:scala-expression-compiler_3.1.2:2.0.13
  not found: C:\Users\임호정\.ivy2\local\ch.epfl.scala\scala-expression-compiler_3.1.2\2.0.13\ivys\ivy.xml
  not found: https://repo1.maven.org/maven2/ch/epfl/scala/scala-expression-compiler_3.1.2/2.0.13/scala-expression-compiler_3.1.2-2.0.13.pom
2022.05.12 00:08:43 WARN  Expression evaluation will not work.
2022.05.12 00:08:43 INFO  tracing is disabled for protocol dap-server, to enable tracing of incoming and outgoing JSON messages create an empty file at E:\functional_programming\hello-world\hello-world\.metals\dap-server.trace.json or C:\Users\임호정\AppData\Local\scalameta\metals\cache\dap-server.trace.json
2022.05.12 00:08:43 INFO  tracing is disabled for protocol dap-client, to enable tracing of incoming and outgoing JSON messages create an empty file at E:\functional_programming\hello-world\hello-world\.metals\dap-client.trace.json or C:\Users\임호정\AppData\Local\scalameta\metals\cache\dap-client.trace.json
2022.05.12 00:08:43 INFO  Starting debug proxy for [Hello]
2022.05.12 00:08:46 INFO  Trying to attach to remote debuggee VM kubernetes.docker.internal:57509 .
2022.05.12 00:08:46 INFO  Attaching to debuggee VM succeeded.
2022.05.12 00:08:51 INFO  Canceling debug proxy for [Hello]
2022.05.12 00:08:51 ERROR Read data from io exception: java.net.SocketException: Socket closed
2022.05.12 00:08:51 INFO  Closing debug server tcp://0.0.0.0:57494
2022.05.12 00:08:55 INFO  Canceling debug proxy for [Hello]
2022.05.12 00:08:55 INFO  Closing debug server tcp://0.0.0.0:57505
2022.05.12 00:09:37 INFO  compiling root (1 scala source)
2022.05.12 00:09:37 INFO  time: compiled root in 0.32s
2022.05.12 00:09:43 INFO  compiling root (1 scala source)
2022.05.12 00:09:43 INFO  time: compiled root in 0.36s
2022.05.12 00:09:46 INFO  Deduplicating compilation of root from bsp client 'Metals 0.11.5' (since 54m 49.008s)
2022.05.12 00:09:51 WARN  Error downloading ch.epfl.scala:scala-expression-compiler_3.1.2:2.0.13
  not found: C:\Users\임호정\.ivy2\local\ch.epfl.scala\scala-expression-compiler_3.1.2\2.0.13\ivys\ivy.xml
  not found: https://repo1.maven.org/maven2/ch/epfl/scala/scala-expression-compiler_3.1.2/2.0.13/scala-expression-compiler_3.1.2-2.0.13.pom
2022.05.12 00:09:51 WARN  Expression evaluation will not work.
2022.05.12 00:09:51 INFO  tracing is disabled for protocol dap-server, to enable tracing of incoming and outgoing JSON messages create an empty file at E:\functional_programming\hello-world\hello-world\.metals\dap-server.trace.json or C:\Users\임호정\AppData\Local\scalameta\metals\cache\dap-server.trace.json
2022.05.12 00:09:51 INFO  tracing is disabled for protocol dap-client, to enable tracing of incoming and outgoing JSON messages create an empty file at E:\functional_programming\hello-world\hello-world\.metals\dap-client.trace.json or C:\Users\임호정\AppData\Local\scalameta\metals\cache\dap-client.trace.json
2022.05.12 00:09:51 INFO  Starting debug proxy for [Hello]
2022.05.12 00:09:53 INFO  Trying to attach to remote debuggee VM kubernetes.docker.internal:57557 .
2022.05.12 00:09:53 INFO  Attaching to debuggee VM succeeded.
2022.05.12 00:09:54 INFO  Canceling debug proxy for [Hello]
2022.05.12 00:09:53 INFO  Closing debug server tcp://0.0.0.0:57553
2022.05.12 00:10:10 INFO  compiling root (1 scala source)
2022.05.12 00:10:10 INFO  time: compiled root in 0.32s
2022.05.12 00:10:14 INFO  compiling root (1 scala source)
2022.05.12 00:10:14 INFO  time: compiled root in 0.43s
2022.05.12 00:10:35 INFO  Deduplicating compilation of root from bsp client 'Metals 0.11.5' (since 55m 38.594s)
2022.05.12 00:10:40 WARN  Error downloading ch.epfl.scala:scala-expression-compiler_3.1.2:2.0.13
  not found: C:\Users\임호정\.ivy2\local\ch.epfl.scala\scala-expression-compiler_3.1.2\2.0.13\ivys\ivy.xml
  not found: https://repo1.maven.org/maven2/ch/epfl/scala/scala-expression-compiler_3.1.2/2.0.13/scala-expression-compiler_3.1.2-2.0.13.pom
2022.05.12 00:10:40 WARN  Expression evaluation will not work.
2022.05.12 00:10:40 INFO  tracing is disabled for protocol dap-server, to enable tracing of incoming and outgoing JSON messages create an empty file at E:\functional_programming\hello-world\hello-world\.metals\dap-server.trace.json or C:\Users\임호정\AppData\Local\scalameta\metals\cache\dap-server.trace.json
2022.05.12 00:10:40 INFO  tracing is disabled for protocol dap-client, to enable tracing of incoming and outgoing JSON messages create an empty file at E:\functional_programming\hello-world\hello-world\.metals\dap-client.trace.json or C:\Users\임호정\AppData\Local\scalameta\metals\cache\dap-client.trace.json
2022.05.12 00:10:41 INFO  Starting debug proxy for [Hello]
2022.05.12 00:10:44 INFO  Trying to attach to remote debuggee VM kubernetes.docker.internal:57589 .
2022.05.12 00:10:44 INFO  Attaching to debuggee VM succeeded.
2022.05.12 00:10:44 INFO  Canceling debug proxy for [Hello]
2022.05.12 00:10:44 INFO  Closing debug server tcp://0.0.0.0:57586
2022.05.12 00:11:20 INFO  compiling root (1 scala source)
2022.05.12 00:11:20 INFO  time: compiled root in 0.44s
2022.05.12 00:11:56 INFO  compiling root (1 scala source)
2022.05.12 00:11:56 INFO  time: compiled root in 0.29s
2022.05.12 00:16:05 INFO  compiling root (1 scala source)
2022.05.12 00:16:05 INFO  time: compiled root in 0.32s
2022.05.12 00:19:16 INFO  compiling root (1 scala source)
2022.05.12 00:19:16 INFO  time: compiled root in 0.25s
2022.05.12 00:19:20 INFO  compiling root (1 scala source)
2022.05.12 00:19:20 INFO  time: compiled root in 0.35s
2022.05.12 00:21:19 INFO  compiling root (1 scala source)
2022.05.12 00:21:19 INFO  time: compiled root in 0.34s
2022.05.12 00:21:30 INFO  compiling root (1 scala source)
2022.05.12 00:21:30 INFO  time: compiled root in 0.37s
2022.05.12 00:22:34 INFO  compiling root (1 scala source)
2022.05.12 00:22:34 INFO  time: compiled root in 0.32s
2022.05.12 00:23:45 INFO  Deduplicating compilation of root from bsp client 'Metals 0.11.5' (since 1h 8m 47.772s)
2022.05.12 00:23:50 WARN  Error downloading ch.epfl.scala:scala-expression-compiler_3.1.2:2.0.13
  not found: C:\Users\임호정\.ivy2\local\ch.epfl.scala\scala-expression-compiler_3.1.2\2.0.13\ivys\ivy.xml
  not found: https://repo1.maven.org/maven2/ch/epfl/scala/scala-expression-compiler_3.1.2/2.0.13/scala-expression-compiler_3.1.2-2.0.13.pom
2022.05.12 00:23:50 WARN  Expression evaluation will not work.
2022.05.12 00:23:50 INFO  tracing is disabled for protocol dap-server, to enable tracing of incoming and outgoing JSON messages create an empty file at E:\functional_programming\hello-world\hello-world\.metals\dap-server.trace.json or C:\Users\임호정\AppData\Local\scalameta\metals\cache\dap-server.trace.json
2022.05.12 00:23:50 INFO  tracing is disabled for protocol dap-client, to enable tracing of incoming and outgoing JSON messages create an empty file at E:\functional_programming\hello-world\hello-world\.metals\dap-client.trace.json or C:\Users\임호정\AppData\Local\scalameta\metals\cache\dap-client.trace.json
2022.05.12 00:23:50 INFO  Starting debug proxy for [Hello]
2022.05.12 00:23:52 INFO  Trying to attach to remote debuggee VM kubernetes.docker.internal:57751 .
2022.05.12 00:23:52 INFO  Attaching to debuggee VM succeeded.
2022.05.12 00:23:52 INFO  Canceling debug proxy for [Hello]
2022.05.12 00:23:52 INFO  Closing debug server tcp://0.0.0.0:57747
2022.05.12 00:24:09 INFO  compiling root (1 scala source)
2022.05.12 00:24:09 INFO  time: compiled root in 0.39s
2022.05.12 00:24:12 INFO  compiling root (1 scala source)
2022.05.12 00:24:12 INFO  time: compiled root in 0.41s
2022.05.12 00:24:19 INFO  Deduplicating compilation of root from bsp client 'Metals 0.11.5' (since 1h 9m 22.298s)
2022.05.12 00:24:24 WARN  Error downloading ch.epfl.scala:scala-expression-compiler_3.1.2:2.0.13
  not found: C:\Users\임호정\.ivy2\local\ch.epfl.scala\scala-expression-compiler_3.1.2\2.0.13\ivys\ivy.xml
  not found: https://repo1.maven.org/maven2/ch/epfl/scala/scala-expression-compiler_3.1.2/2.0.13/scala-expression-compiler_3.1.2-2.0.13.pom
2022.05.12 00:24:24 WARN  Expression evaluation will not work.
2022.05.12 00:24:24 INFO  tracing is disabled for protocol dap-server, to enable tracing of incoming and outgoing JSON messages create an empty file at E:\functional_programming\hello-world\hello-world\.metals\dap-server.trace.json or C:\Users\임호정\AppData\Local\scalameta\metals\cache\dap-server.trace.json
2022.05.12 00:24:24 INFO  tracing is disabled for protocol dap-client, to enable tracing of incoming and outgoing JSON messages create an empty file at E:\functional_programming\hello-world\hello-world\.metals\dap-client.trace.json or C:\Users\임호정\AppData\Local\scalameta\metals\cache\dap-client.trace.json
2022.05.12 00:24:24 INFO  Starting debug proxy for [Hello]
2022.05.12 00:24:27 INFO  Trying to attach to remote debuggee VM kubernetes.docker.internal:57769 .
2022.05.12 00:24:27 INFO  Attaching to debuggee VM succeeded.
2022.05.12 00:24:27 INFO  Canceling debug proxy for [Hello]
2022.05.12 00:24:27 INFO  Closing debug server tcp://0.0.0.0:57766
2022.05.12 00:26:44 INFO  compiling root (1 scala source)
2022.05.12 00:26:44 INFO  time: compiled root in 0.38s
2022.05.12 00:26:51 INFO  compiling root (1 scala source)
2022.05.12 00:26:51 INFO  time: compiled root in 0.32s
2022.05.12 00:27:15 INFO  compiling root (1 scala source)
2022.05.12 00:27:15 INFO  time: compiled root in 0.38s
2022.05.12 00:27:19 INFO  compiling root (1 scala source)
2022.05.12 00:27:19 INFO  time: compiled root in 0.12s
2022.05.12 00:27:22 INFO  compiling root (1 scala source)
2022.05.12 00:27:22 INFO  time: compiled root in 96ms
2022.05.12 00:27:44 INFO  compiling root (1 scala source)
2022.05.12 00:27:44 INFO  time: compiled root in 0.35s
2022.05.12 00:27:47 INFO  compiling root (1 scala source)
2022.05.12 00:27:47 INFO  time: compiled root in 0.3s
2022.05.12 00:28:02 INFO  compiling root (1 scala source)
2022.05.12 00:28:02 INFO  time: compiled root in 0.35s
2022.05.12 00:28:07 INFO  compiling root (1 scala source)
2022.05.12 00:28:07 INFO  Deduplicating compilation of root from bsp client 'Metals 0.11.5' (since 1h 13m 10.783s)
2022.05.12 00:28:07 INFO  compiling root (1 scala source)
2022.05.12 00:28:07 INFO  time: compiled root in 0.15s
2022.05.12 00:28:10 INFO  Deduplicating compilation of root from bsp client 'Metals 0.11.5' (since 1h 13m 13.013s)
2022.05.12 00:28:15 WARN  Error downloading ch.epfl.scala:scala-expression-compiler_3.1.2:2.0.13
  not found: C:\Users\임호정\.ivy2\local\ch.epfl.scala\scala-expression-compiler_3.1.2\2.0.13\ivys\ivy.xml
  not found: https://repo1.maven.org/maven2/ch/epfl/scala/scala-expression-compiler_3.1.2/2.0.13/scala-expression-compiler_3.1.2-2.0.13.pom
2022.05.12 00:28:15 WARN  Expression evaluation will not work.
2022.05.12 00:28:15 INFO  tracing is disabled for protocol dap-server, to enable tracing of incoming and outgoing JSON messages create an empty file at E:\functional_programming\hello-world\hello-world\.metals\dap-server.trace.json or C:\Users\임호정\AppData\Local\scalameta\metals\cache\dap-server.trace.json
2022.05.12 00:28:15 INFO  tracing is disabled for protocol dap-client, to enable tracing of incoming and outgoing JSON messages create an empty file at E:\functional_programming\hello-world\hello-world\.metals\dap-client.trace.json or C:\Users\임호정\AppData\Local\scalameta\metals\cache\dap-client.trace.json
2022.05.12 00:28:15 INFO  Starting debug proxy for [Hello]
2022.05.12 00:28:17 INFO  Trying to attach to remote debuggee VM kubernetes.docker.internal:57832 .
2022.05.12 00:28:17 INFO  Attaching to debuggee VM succeeded.
2022.05.12 00:28:18 INFO  Canceling debug proxy for [Hello]
2022.05.12 00:28:17 INFO  Closing debug server tcp://0.0.0.0:57828
2022.05.12 00:28:25 INFO  compiling root (1 scala source)
2022.05.12 00:28:25 INFO  time: compiled root in 0.32s
2022.05.12 00:28:36 INFO  compiling root (1 scala source)
2022.05.12 00:28:36 INFO  time: compiled root in 0.33s
2022.05.12 00:29:13 INFO  compiling root (1 scala source)
2022.05.12 00:29:13 INFO  time: compiled root in 0.32s
2022.05.12 00:29:27 INFO  compiling root (1 scala source)
2022.05.12 00:29:27 INFO  time: compiled root in 0.31s
2022.05.12 00:30:52 INFO  compiling root (1 scala source)
2022.05.12 00:30:52 INFO  time: compiled root in 0.27s
2022.05.12 00:30:55 INFO  compiling root (1 scala source)
2022.05.12 00:30:55 INFO  time: compiled root in 0.32s
2022.05.12 00:31:22 INFO  compiling root (1 scala source)
2022.05.12 00:31:22 INFO  time: compiled root in 0.3s
2022.05.12 00:31:26 INFO  compiling root (1 scala source)
2022.05.12 00:31:26 INFO  time: compiled root in 97ms
2022.05.12 00:31:29 INFO  compiling root (1 scala source)
2022.05.12 00:31:29 INFO  time: compiled root in 94ms
2022.05.12 00:31:31 INFO  compiling root (1 scala source)
2022.05.12 00:31:31 INFO  time: compiled root in 0.19s
2022.05.12 00:31:35 INFO  compiling root (1 scala source)
2022.05.12 00:31:35 INFO  time: compiled root in 0.12s
2022.05.12 00:31:37 INFO  compiling root (1 scala source)
2022.05.12 00:31:37 INFO  time: compiled root in 76ms
2022.05.12 00:31:39 INFO  compiling root (1 scala source)
2022.05.12 00:31:39 INFO  time: compiled root in 81ms
2022.05.12 00:31:46 INFO  compiling root (1 scala source)
2022.05.12 00:31:46 INFO  time: compiled root in 80ms
2022.05.12 00:31:53 INFO  compiling root (1 scala source)
2022.05.12 00:31:53 INFO  time: compiled root in 85ms
2022.05.12 00:31:55 INFO  compiling root (1 scala source)
2022.05.12 00:31:55 INFO  time: compiled root in 0.32s
2022.05.12 00:32:22 WARN  Error downloading ch.epfl.scala:scala-expression-compiler_3.1.2:2.0.13
  not found: C:\Users\임호정\.ivy2\local\ch.epfl.scala\scala-expression-compiler_3.1.2\2.0.13\ivys\ivy.xml
  not found: https://repo1.maven.org/maven2/ch/epfl/scala/scala-expression-compiler_3.1.2/2.0.13/scala-expression-compiler_3.1.2-2.0.13.pom
2022.05.12 00:32:22 WARN  Expression evaluation will not work.
2022.05.12 00:32:22 INFO  tracing is disabled for protocol dap-server, to enable tracing of incoming and outgoing JSON messages create an empty file at E:\functional_programming\hello-world\hello-world\.metals\dap-server.trace.json or C:\Users\임호정\AppData\Local\scalameta\metals\cache\dap-server.trace.json
2022.05.12 00:32:22 INFO  tracing is disabled for protocol dap-client, to enable tracing of incoming and outgoing JSON messages create an empty file at E:\functional_programming\hello-world\hello-world\.metals\dap-client.trace.json or C:\Users\임호정\AppData\Local\scalameta\metals\cache\dap-client.trace.json
2022.05.12 00:32:22 INFO  Starting debug proxy for [Hello]
2022.05.12 00:32:24 INFO  Trying to attach to remote debuggee VM kubernetes.docker.internal:57911 .
2022.05.12 00:32:24 INFO  Attaching to debuggee VM succeeded.
2022.05.12 00:32:25 INFO  Canceling debug proxy for [Hello]
2022.05.12 00:32:24 INFO  Closing debug server tcp://0.0.0.0:57908
2022.05.12 00:41:43 INFO  compiling root (1 scala source)
2022.05.12 00:41:43 INFO  time: compiled root in 0.34s
2022.05.12 00:41:59 INFO  Deduplicating compilation of root from bsp client 'Metals 0.11.5' (since 1h 27m 2.533s)
2022.05.12 00:42:01 INFO  Deduplicating compilation of root from bsp client 'Metals 0.11.5' (since 1h 27m 4.694s)
2022.05.12 00:42:04 WARN  Error downloading ch.epfl.scala:scala-expression-compiler_3.1.2:2.0.13
  not found: C:\Users\임호정\.ivy2\local\ch.epfl.scala\scala-expression-compiler_3.1.2\2.0.13\ivys\ivy.xml
  not found: https://repo1.maven.org/maven2/ch/epfl/scala/scala-expression-compiler_3.1.2/2.0.13/scala-expression-compiler_3.1.2-2.0.13.pom
2022.05.12 00:42:04 WARN  Expression evaluation will not work.
2022.05.12 00:42:04 INFO  tracing is disabled for protocol dap-server, to enable tracing of incoming and outgoing JSON messages create an empty file at E:\functional_programming\hello-world\hello-world\.metals\dap-server.trace.json or C:\Users\임호정\AppData\Local\scalameta\metals\cache\dap-server.trace.json
2022.05.12 00:42:04 INFO  tracing is disabled for protocol dap-client, to enable tracing of incoming and outgoing JSON messages create an empty file at E:\functional_programming\hello-world\hello-world\.metals\dap-client.trace.json or C:\Users\임호정\AppData\Local\scalameta\metals\cache\dap-client.trace.json
2022.05.12 00:42:05 INFO  Starting debug proxy for [Hello]
2022.05.12 00:42:07 INFO  Trying to attach to remote debuggee VM kubernetes.docker.internal:57953 .
2022.05.12 00:42:07 INFO  Attaching to debuggee VM succeeded.
2022.05.12 00:42:07 INFO  Canceling debug proxy for [Hello]
2022.05.12 00:42:07 INFO  Closing debug server tcp://0.0.0.0:57950
2022.05.12 00:42:54 INFO  compiling root (1 scala source)
2022.05.12 00:42:54 INFO  time: compiled root in 66ms
2022.05.12 00:42:56 INFO  compiling root (1 scala source)
2022.05.12 00:42:56 INFO  time: compiled root in 59ms
2022.05.12 00:42:58 INFO  compiling root (1 scala source)
2022.05.12 00:42:58 INFO  time: compiled root in 0.33s
2022.05.12 00:42:58 INFO  compiling root (1 scala source)
2022.05.12 00:42:58 INFO  time: compiled root in 0.12s
2022.05.12 00:43:01 INFO  compiling root (1 scala source)
2022.05.12 00:43:01 INFO  time: compiled root in 0.36s
2022.05.12 00:43:01 INFO  compiling root (1 scala source)
2022.05.12 00:43:01 INFO  time: compiled root in 0.12s
2022.05.12 00:43:03 INFO  compiling root (2 scala sources)
2022.05.12 00:43:03 INFO  time: compiled root in 0.41s
